<<<<<<< HEAD
This is pdfTeX, Version 3.141592653-2.6-1.40.24 (TeX Live 2022/Arch Linux) (preloaded format=pdflatex 2022.6.6)  27 SEP 2022 13:22
=======
This is pdfTeX, Version 3.14159265-2.6-1.40.20 (TeX Live 2019) (preloaded format=pdflatex 2019.10.16)  26 SEP 2022 17:21
>>>>>>> 4525d948183ac69691793c507720e3f62ad200be
entering extended mode
 restricted \write18 enabled.
 %&-line parsing enabled.
**main.tex
(./main.tex
<<<<<<< HEAD
LaTeX2e <2021-11-15> patch level 1
L3 programming layer <2022-04-10>
(/usr/share/texmf-dist/tex/latex/base/report.cls
Document Class: report 2021/10/04 v1.4n Standard LaTeX document class
(/usr/share/texmf-dist/tex/latex/base/size12.clo
File: size12.clo 2021/10/04 v1.4n Standard LaTeX file (size option)
)
\c@part=\count185
\c@chapter=\count186
\c@section=\count187
\c@subsection=\count188
\c@subsubsection=\count189
\c@paragraph=\count190
\c@subparagraph=\count191
\c@figure=\count192
\c@table=\count193
=======
LaTeX2e <2021-06-01> patch level 1
L3 programming layer <2021-10-18>
(d:/Studium/TexLive/2021/texmf-dist/tex/latex/base/report.cls
Document Class: report 2021/02/12 v1.4n Standard LaTeX document class
(d:/Studium/TexLive/2021/texmf-dist/tex/latex/base/size12.clo
File: size12.clo 2021/02/12 v1.4n Standard LaTeX file (size option)
)
\c@part=\count182
\c@chapter=\count183
\c@section=\count184
\c@subsection=\count185
\c@subsubsection=\count186
\c@paragraph=\count187
\c@subparagraph=\count188
\c@figure=\count189
\c@table=\count190
>>>>>>> 4525d948183ac69691793c507720e3f62ad200be
\abovecaptionskip=\skip47
\belowcaptionskip=\skip48
\bibindent=\dimen138
)
<<<<<<< HEAD
(/usr/share/texmf-dist/tex/latex/base/inputenc.sty
=======
(d:/Studium/TexLive/2021/texmf-dist/tex/latex/base/inputenc.sty
>>>>>>> 4525d948183ac69691793c507720e3f62ad200be
Package: inputenc 2021/02/14 v1.3d Input encoding file
\inpenc@prehook=\toks16
\inpenc@posthook=\toks17
)
<<<<<<< HEAD
(/usr/share/texmf-dist/tex/latex/graphics/graphicx.sty
Package: graphicx 2021/09/16 v1.2d Enhanced LaTeX Graphics (DPC,SPQR)

(/usr/share/texmf-dist/tex/latex/graphics/keyval.sty
Package: keyval 2014/10/28 v1.15 key=value parser (DPC)
\KV@toks@=\toks18
)
(/usr/share/texmf-dist/tex/latex/graphics/graphics.sty
Package: graphics 2021/03/04 v1.4d Standard LaTeX Graphics (DPC,SPQR)

(/usr/share/texmf-dist/tex/latex/graphics/trig.sty
Package: trig 2021/08/11 v1.11 sin cos tan (DPC)
)
(/usr/share/texmf-dist/tex/latex/graphics-cfg/graphics.cfg
=======
(d:/Studium/TexLive/2021/texmf-dist/tex/latex/graphics/graphicx.sty
Package: graphicx 2020/12/05 v1.2c Enhanced LaTeX Graphics (DPC,SPQR)

(d:/Studium/TexLive/2021/texmf-dist/tex/latex/graphics/keyval.sty
Package: keyval 2014/10/28 v1.15 key=value parser (DPC)
\KV@toks@=\toks18
)
(d:/Studium/TexLive/2021/texmf-dist/tex/latex/graphics/graphics.sty
Package: graphics 2021/03/04 v1.4d Standard LaTeX Graphics (DPC,SPQR)

(d:/Studium/TexLive/2021/texmf-dist/tex/latex/graphics/trig.sty
Package: trig 2016/01/03 v1.10 sin cos tan (DPC)
)
(d:/Studium/TexLive/2021/texmf-dist/tex/latex/graphics-cfg/graphics.cfg
>>>>>>> 4525d948183ac69691793c507720e3f62ad200be
File: graphics.cfg 2016/06/04 v1.11 sample graphics configuration
)
Package graphics Info: Driver file: pdftex.def on input line 107.

<<<<<<< HEAD
(/usr/share/texmf-dist/tex/latex/graphics-def/pdftex.def
=======
(d:/Studium/TexLive/2021/texmf-dist/tex/latex/graphics-def/pdftex.def
>>>>>>> 4525d948183ac69691793c507720e3f62ad200be
File: pdftex.def 2020/10/05 v1.2a Graphics/color driver for pdftex
))
\Gin@req@height=\dimen139
\Gin@req@width=\dimen140
)
<<<<<<< HEAD
(/usr/share/texmf-dist/tex/latex/caption/subcaption.sty
Package: subcaption 2022/01/07 v1.5 Sub-captions (AR)

(/usr/share/texmf-dist/tex/latex/caption/caption.sty
Package: caption 2022/03/01 v3.6b Customizing captions (AR)

(/usr/share/texmf-dist/tex/latex/caption/caption3.sty
Package: caption3 2022/03/17 v2.3b caption3 kernel (AR)
\caption@tempdima=\dimen141
\captionmargin=\dimen142
\caption@leftmargin=\dimen143
\caption@rightmargin=\dimen144
\caption@width=\dimen145
\caption@indent=\dimen146
\caption@parindent=\dimen147
\caption@hangindent=\dimen148
Package caption Info: Standard document class detected.
)
\c@caption@flags=\count194
\c@continuedfloat=\count195
)
\c@subfigure=\count196
\c@subtable=\count197
)
(/usr/share/texmf-dist/tex/latex/amsfonts/amssymb.sty
Package: amssymb 2013/01/14 v3.01 AMS font symbols

(/usr/share/texmf-dist/tex/latex/amsfonts/amsfonts.sty
=======
(d:/Studium/TexLive/2021/texmf-dist/tex/latex/caption/subcaption.sty
Package: subcaption 2020/10/07 v1.3j Sub-captions (AR)

(d:/Studium/TexLive/2021/texmf-dist/tex/latex/caption/caption.sty
Package: caption 2020/10/26 v3.5g Customizing captions (AR)

(d:/Studium/TexLive/2021/texmf-dist/tex/latex/caption/caption3.sty
Package: caption3 2020/10/21 v2.2e caption3 kernel (AR)
\captionmargin=\dimen141
\captionmargin@=\dimen142
\captionwidth=\dimen143
\caption@tempdima=\dimen144
\caption@indent=\dimen145
\caption@parindent=\dimen146
\caption@hangindent=\dimen147
Package caption Info: Standard document class detected.
)
\c@caption@flags=\count191
\c@continuedfloat=\count192
)
\c@subfigure=\count193
\c@subtable=\count194
)
(d:/Studium/TexLive/2021/texmf-dist/tex/latex/amsfonts/amssymb.sty
Package: amssymb 2013/01/14 v3.01 AMS font symbols

(d:/Studium/TexLive/2021/texmf-dist/tex/latex/amsfonts/amsfonts.sty
>>>>>>> 4525d948183ac69691793c507720e3f62ad200be
Package: amsfonts 2013/01/14 v3.01 Basic AMSFonts support
\@emptytoks=\toks19
\symAMSa=\mathgroup4
\symAMSb=\mathgroup5
LaTeX Font Info:    Redeclaring math symbol \hbar on input line 98.
LaTeX Font Info:    Overwriting math alphabet `\mathfrak' in version `bold'
(Font)                  U/euf/m/n --> U/euf/b/n on input line 106.
))
<<<<<<< HEAD
(/usr/share/texmf-dist/tex/latex/amsmath/amsmath.sty
Package: amsmath 2021/10/15 v2.17l AMS math features
\@mathmargin=\skip49

For additional information on amsmath, use the `?' option.
(/usr/share/texmf-dist/tex/latex/amsmath/amstext.sty
Package: amstext 2021/08/26 v2.01 AMS text

(/usr/share/texmf-dist/tex/latex/amsmath/amsgen.sty
File: amsgen.sty 1999/11/30 v2.0 generic functions
\@emptytoks=\toks20
\ex@=\dimen149
))
(/usr/share/texmf-dist/tex/latex/amsmath/amsbsy.sty
Package: amsbsy 1999/11/29 v1.2d Bold Symbols
\pmbraise@=\dimen150
)
(/usr/share/texmf-dist/tex/latex/amsmath/amsopn.sty
Package: amsopn 2021/08/26 v2.02 operator names
)
\inf@bad=\count198
LaTeX Info: Redefining \frac on input line 234.
\uproot@=\count199
\leftroot@=\count266
LaTeX Info: Redefining \overline on input line 399.
\classnum@=\count267
\DOTSCASE@=\count268
LaTeX Info: Redefining \ldots on input line 496.
LaTeX Info: Redefining \dots on input line 499.
LaTeX Info: Redefining \cdots on input line 620.
\Mathstrutbox@=\box50
\strutbox@=\box51
\big@size=\dimen151
LaTeX Font Info:    Redeclaring font encoding OML on input line 743.
LaTeX Font Info:    Redeclaring font encoding OMS on input line 744.
\macc@depth=\count269
\c@MaxMatrixCols=\count270
\dotsspace@=\muskip16
\c@parentequation=\count271
\dspbrk@lvl=\count272
\tag@help=\toks21
\row@=\count273
\column@=\count274
\maxfields@=\count275
\andhelp@=\toks22
\eqnshift@=\dimen152
\alignsep@=\dimen153
\tagshift@=\dimen154
\tagwidth@=\dimen155
\totwidth@=\dimen156
\lineht@=\dimen157
\@envbody=\toks23
\multlinegap=\skip50
\multlinetaggap=\skip51
\mathdisplay@stack=\toks24
LaTeX Info: Redefining \[ on input line 2938.
LaTeX Info: Redefining \] on input line 2939.
)
(/usr/share/texmf-dist/tex/latex/amscls/amsthm.sty
=======
(d:/Studium/TexLive/2021/texmf-dist/tex/latex/amsmath/amsmath.sty
Package: amsmath 2021/04/20 v2.17j AMS math features
\@mathmargin=\skip49

For additional information on amsmath, use the `?' option.
(d:/Studium/TexLive/2021/texmf-dist/tex/latex/amsmath/amstext.sty
Package: amstext 2000/06/29 v2.01 AMS text

(d:/Studium/TexLive/2021/texmf-dist/tex/latex/amsmath/amsgen.sty
File: amsgen.sty 1999/11/30 v2.0 generic functions
\@emptytoks=\toks20
\ex@=\dimen148
))
(d:/Studium/TexLive/2021/texmf-dist/tex/latex/amsmath/amsbsy.sty
Package: amsbsy 1999/11/29 v1.2d Bold Symbols
\pmbraise@=\dimen149
)
(d:/Studium/TexLive/2021/texmf-dist/tex/latex/amsmath/amsopn.sty
Package: amsopn 2016/03/08 v2.02 operator names
)
\inf@bad=\count195
LaTeX Info: Redefining \frac on input line 234.
\uproot@=\count196
\leftroot@=\count197
LaTeX Info: Redefining \overline on input line 399.
\classnum@=\count198
\DOTSCASE@=\count199
LaTeX Info: Redefining \ldots on input line 496.
LaTeX Info: Redefining \dots on input line 499.
LaTeX Info: Redefining \cdots on input line 620.
\Mathstrutbox@=\box50
\strutbox@=\box51
\big@size=\dimen150
LaTeX Font Info:    Redeclaring font encoding OML on input line 743.
LaTeX Font Info:    Redeclaring font encoding OMS on input line 744.
\macc@depth=\count266
\c@MaxMatrixCols=\count267
\dotsspace@=\muskip16
\c@parentequation=\count268
\dspbrk@lvl=\count269
\tag@help=\toks21
\row@=\count270
\column@=\count271
\maxfields@=\count272
\andhelp@=\toks22
\eqnshift@=\dimen151
\alignsep@=\dimen152
\tagshift@=\dimen153
\tagwidth@=\dimen154
\totwidth@=\dimen155
\lineht@=\dimen156
\@envbody=\toks23
\multlinegap=\skip50
\multlinetaggap=\skip51
\mathdisplay@stack=\toks24
LaTeX Info: Redefining \[ on input line 2923.
LaTeX Info: Redefining \] on input line 2924.
)
(d:/Studium/TexLive/2021/texmf-dist/tex/latex/amscls/amsthm.sty
>>>>>>> 4525d948183ac69691793c507720e3f62ad200be
Package: amsthm 2020/05/29 v2.20.6
\thm@style=\toks25
\thm@bodyfont=\toks26
\thm@headfont=\toks27
\thm@notefont=\toks28
\thm@headpunct=\toks29
\thm@preskip=\skip52
\thm@postskip=\skip53
\thm@headsep=\skip54
\dth@everypar=\toks30
)
<<<<<<< HEAD
(/usr/share/texmf-dist/tex/generic/babel/babel.sty
Package: babel 2022/02/26 3.73 The Babel package
\babel@savecnt=\count276
\U@D=\dimen158
\l@unhyphenated=\language87

(/usr/share/texmf-dist/tex/generic/babel/txtbabel.def)
\bbl@readstream=\read2
\bbl@dirlevel=\count277

(/usr/share/texmf-dist/tex/generic/babel-german/ngerman.ldf
Language: ngerman 2021/02/27 v2.13 German support for babel (post-1996 orthogra
phy)

(/usr/share/texmf-dist/tex/generic/babel-german/ngermanb.ldf
=======
(d:/Studium/TexLive/2021/texmf-dist/tex/generic/babel/babel.sty
Package: babel 2021/10/19 3.65 The Babel package
\babel@savecnt=\count273
\U@D=\dimen157
\l@unhyphenated=\language87

(d:/Studium/TexLive/2021/texmf-dist/tex/generic/babel/txtbabel.def)
\bbl@readstream=\read2
\bbl@dirlevel=\count274

(d:/Studium/TexLive/2021/texmf-dist/tex/generic/babel-german/ngerman.ldf
Language: ngerman 2021/02/27 v2.13 German support for babel (post-1996 orthogra
phy)

(d:/Studium/TexLive/2021/texmf-dist/tex/generic/babel-german/ngermanb.ldf
>>>>>>> 4525d948183ac69691793c507720e3f62ad200be
Language: ngermanb 2021/02/27 v2.13 German support for babel (post-1996 orthogr
aphy)
Package babel Info: Making " an active character on input line 122.
))
<<<<<<< HEAD
(/usr/share/texmf-dist/tex/generic/babel-english/english.ldf
=======
(d:/Studium/TexLive/2021/texmf-dist/tex/generic/babel-english/english.ldf
>>>>>>> 4525d948183ac69691793c507720e3f62ad200be
Language: english 2017/06/06 v3.3r English support from the babel system
Package babel Info: Hyphen rules for 'canadian' set to \l@english
(babel)             (\language0). Reported on input line 102.
Package babel Info: Hyphen rules for 'australian' set to \l@ukenglish
(babel)             (\language21). Reported on input line 105.
Package babel Info: Hyphen rules for 'newzealand' set to \l@ukenglish
(babel)             (\language21). Reported on input line 108.
))
<<<<<<< HEAD
(/usr/share/texmf-dist/tex/latex/geometry/geometry.sty
Package: geometry 2020/01/02 v5.9 Page Geometry

(/usr/share/texmf-dist/tex/generic/iftex/ifvtex.sty
Package: ifvtex 2019/10/25 v1.7 ifvtex legacy package. Use iftex instead.

(/usr/share/texmf-dist/tex/generic/iftex/iftex.sty
Package: iftex 2022/02/03 v1.0f TeX engine tests
))
\Gm@cnth=\count278
\Gm@cntv=\count279
\c@Gm@tempcnt=\count280
\Gm@bindingoffset=\dimen159
\Gm@wd@mp=\dimen160
\Gm@odd@mp=\dimen161
\Gm@even@mp=\dimen162
\Gm@layoutwidth=\dimen163
\Gm@layoutheight=\dimen164
\Gm@layouthoffset=\dimen165
\Gm@layoutvoffset=\dimen166
\Gm@dimlist=\toks31
)
(/usr/share/texmf-dist/tex/latex/moresize/moresize.sty
Package: moresize 1999/07/26 v1.9 (more font sizes)
)
(/usr/share/texmf-dist/tex/latex/fancyhdr/fancyhdr.sty
=======
(d:/Studium/TexLive/2021/texmf-dist/tex/latex/geometry/geometry.sty
Package: geometry 2020/01/02 v5.9 Page Geometry

(d:/Studium/TexLive/2021/texmf-dist/tex/generic/iftex/ifvtex.sty
Package: ifvtex 2019/10/25 v1.7 ifvtex legacy package. Use iftex instead.

(d:/Studium/TexLive/2021/texmf-dist/tex/generic/iftex/iftex.sty
Package: iftex 2020/03/06 v1.0d TeX engine tests
))
\Gm@cnth=\count275
\Gm@cntv=\count276
\c@Gm@tempcnt=\count277
\Gm@bindingoffset=\dimen158
\Gm@wd@mp=\dimen159
\Gm@odd@mp=\dimen160
\Gm@even@mp=\dimen161
\Gm@layoutwidth=\dimen162
\Gm@layoutheight=\dimen163
\Gm@layouthoffset=\dimen164
\Gm@layoutvoffset=\dimen165
\Gm@dimlist=\toks31
)
(d:/Studium/TexLive/2021/texmf-dist/tex/latex/moresize/moresize.sty
Package: moresize 1999/07/26 v1.9 (more font sizes)
)
(d:/Studium/TexLive/2021/texmf-dist/tex/latex/fancyhdr/fancyhdr.sty
>>>>>>> 4525d948183ac69691793c507720e3f62ad200be
Package: fancyhdr 2021/01/28 v4.0.1 Extensive control of page headers and foote
rs
\f@nch@headwidth=\skip55
\f@nch@O@elh=\skip56
\f@nch@O@erh=\skip57
\f@nch@O@olh=\skip58
\f@nch@O@orh=\skip59
\f@nch@O@elf=\skip60
\f@nch@O@erf=\skip61
\f@nch@O@olf=\skip62
\f@nch@O@orf=\skip63
)
<<<<<<< HEAD
(/usr/share/texmf-dist/tex/latex/bbm-macros/bbm.sty
=======
(d:/Studium/TexLive/2021/texmf-dist/tex/latex/bbm-macros/bbm.sty
>>>>>>> 4525d948183ac69691793c507720e3f62ad200be
Package: bbm 1999/03/15 V 1.2 provides fonts for set symbols - TH
LaTeX Font Info:    Overwriting math alphabet `\mathbbm' in version `bold'
(Font)                  U/bbm/m/n --> U/bbm/bx/n on input line 33.
LaTeX Font Info:    Overwriting math alphabet `\mathbbmss' in version `bold'
(Font)                  U/bbmss/m/n --> U/bbmss/bx/n on input line 35.
)
<<<<<<< HEAD
(/usr/share/texmf-dist/tex/latex/tools/enumerate.sty
Package: enumerate 2015/07/23 v3.00 enumerate extensions (DPC)
\@enLab=\toks32
)
(/usr/share/texmf-dist/tex/latex/jknapltx/mathrsfs.sty
Package: mathrsfs 1996/01/01 Math RSFS package v1.0 (jk)
\symrsfs=\mathgroup6
)
(/usr/share/texmf-dist/tex/latex/parskip/parskip.sty
Package: parskip 2021-03-14 v2.0h non-zero parskip adjustments

(/usr/share/texmf-dist/tex/latex/kvoptions/kvoptions.sty
Package: kvoptions 2020-10-07 v3.14 Key value format for package options (HO)

(/usr/share/texmf-dist/tex/generic/ltxcmds/ltxcmds.sty
Package: ltxcmds 2020-05-10 v1.25 LaTeX kernel commands for general use (HO)
)
(/usr/share/texmf-dist/tex/generic/kvsetkeys/kvsetkeys.sty
Package: kvsetkeys 2019/12/15 v1.18 Key value parser (HO)
))
(/usr/share/texmf-dist/tex/latex/etoolbox/etoolbox.sty
Package: etoolbox 2020/10/05 v2.5k e-TeX tools for LaTeX (JAW)
\etb@tempcnta=\count281
))
(/usr/share/texmf-dist/tex/latex/float/float.sty
Package: float 2001/11/08 v1.3d Float enhancements (AL)
\c@float@type=\count282
=======
(d:/Studium/TexLive/2021/texmf-dist/tex/latex/tools/enumerate.sty
Package: enumerate 2015/07/23 v3.00 enumerate extensions (DPC)
\@enLab=\toks32
)
(d:/Studium/TexLive/2021/texmf-dist/tex/latex/jknapltx/mathrsfs.sty
Package: mathrsfs 1996/01/01 Math RSFS package v1.0 (jk)
\symrsfs=\mathgroup6
)
(d:/Studium/TexLive/2021/texmf-dist/tex/latex/parskip/parskip.sty
Package: parskip 2021-03-14 v2.0h non-zero parskip adjustments

(d:/Studium/TexLive/2021/texmf-dist/tex/latex/kvoptions/kvoptions.sty
Package: kvoptions 2020-10-07 v3.14 Key value format for package options (HO)

(d:/Studium/TexLive/2021/texmf-dist/tex/generic/ltxcmds/ltxcmds.sty
Package: ltxcmds 2020-05-10 v1.25 LaTeX kernel commands for general use (HO)
)
(d:/Studium/TexLive/2021/texmf-dist/tex/generic/kvsetkeys/kvsetkeys.sty
Package: kvsetkeys 2019/12/15 v1.18 Key value parser (HO)
))
(d:/Studium/TexLive/2021/texmf-dist/tex/latex/etoolbox/etoolbox.sty
Package: etoolbox 2020/10/05 v2.5k e-TeX tools for LaTeX (JAW)
\etb@tempcnta=\count278
))
(d:/Studium/TexLive/2021/texmf-dist/tex/latex/float/float.sty
Package: float 2001/11/08 v1.3d Float enhancements (AL)
\c@float@type=\count279
>>>>>>> 4525d948183ac69691793c507720e3f62ad200be
\float@exts=\toks33
\float@box=\box52
\@float@everytoks=\toks34
\@floatcapt=\box53
)
<<<<<<< HEAD
(/usr/share/texmf-dist/tex/latex/setspace/setspace.sty
Package: setspace 2011/12/19 v6.7a set line spacing
)
(/usr/share/texmf-dist/tex/latex/biblatex/biblatex.sty
Package: biblatex 2022/02/02 v3.17 programmable bibliographies (PK/MW)

(/usr/share/texmf-dist/tex/generic/pdftexcmds/pdftexcmds.sty
Package: pdftexcmds 2020-06-27 v0.33 Utility functions of pdfTeX for LuaTeX (HO
)

(/usr/share/texmf-dist/tex/generic/infwarerr/infwarerr.sty
=======
(d:/Studium/TexLive/2021/texmf-dist/tex/latex/setspace/setspace.sty
Package: setspace 2011/12/19 v6.7a set line spacing
)
(d:/Studium/TexLive/2021/texmf-dist/tex/latex/biblatex/biblatex.sty
Package: biblatex 2020/12/31 v3.16 programmable bibliographies (PK/MW)

(d:/Studium/TexLive/2021/texmf-dist/tex/generic/pdftexcmds/pdftexcmds.sty
Package: pdftexcmds 2020-06-27 v0.33 Utility functions of pdfTeX for LuaTeX (HO
)

(d:/Studium/TexLive/2021/texmf-dist/tex/generic/infwarerr/infwarerr.sty
>>>>>>> 4525d948183ac69691793c507720e3f62ad200be
Package: infwarerr 2019/12/03 v1.5 Providing info/warning/error messages (HO)
)
Package pdftexcmds Info: \pdf@primitive is available.
Package pdftexcmds Info: \pdf@ifprimitive is available.
Package pdftexcmds Info: \pdfdraftmode found.
)
<<<<<<< HEAD
(/usr/share/texmf-dist/tex/latex/logreq/logreq.sty
Package: logreq 2010/08/04 v1.0 xml request logger
\lrq@indent=\count283

(/usr/share/texmf-dist/tex/latex/logreq/logreq.def
File: logreq.def 2010/08/04 v1.0 logreq spec v1.0
))
(/usr/share/texmf-dist/tex/latex/base/ifthen.sty
Package: ifthen 2020/11/24 v1.1c Standard LaTeX ifthen package (DPC)
)
(/usr/share/texmf-dist/tex/latex/url/url.sty
\Urlmuskip=\muskip17
Package: url 2013/09/16  ver 3.4  Verb mode for urls, etc.
)
\c@tabx@nest=\count284
\c@listtotal=\count285
\c@listcount=\count286
\c@liststart=\count287
\c@liststop=\count288
\c@citecount=\count289
\c@citetotal=\count290
\c@multicitecount=\count291
\c@multicitetotal=\count292
\c@instcount=\count293
\c@maxnames=\count294
\c@minnames=\count295
\c@maxitems=\count296
\c@minitems=\count297
\c@citecounter=\count298
\c@maxcitecounter=\count299
\c@savedcitecounter=\count300
\c@uniquelist=\count301
\c@uniquename=\count302
\c@refsection=\count303
\c@refsegment=\count304
\c@maxextratitle=\count305
\c@maxextratitleyear=\count306
\c@maxextraname=\count307
\c@maxextradate=\count308
\c@maxextraalpha=\count309
\c@abbrvpenalty=\count310
\c@highnamepenalty=\count311
\c@lownamepenalty=\count312
\c@maxparens=\count313
\c@parenlevel=\count314
\blx@tempcnta=\count315
\blx@tempcntb=\count316
\blx@tempcntc=\count317
\c@blx@maxsection=\count318
\c@blx@maxsegment@0=\count319
\blx@notetype=\count320
\blx@parenlevel@text=\count321
\blx@parenlevel@foot=\count322
\c@blx@sectionciteorder@0=\count323
\blx@entrysetcounter=\count324
\blx@biblioinstance=\count325
=======
(d:/Studium/TexLive/2021/texmf-dist/tex/latex/logreq/logreq.sty
Package: logreq 2010/08/04 v1.0 xml request logger
\lrq@indent=\count280

(d:/Studium/TexLive/2021/texmf-dist/tex/latex/logreq/logreq.def
File: logreq.def 2010/08/04 v1.0 logreq spec v1.0
))
(d:/Studium/TexLive/2021/texmf-dist/tex/latex/base/ifthen.sty
Package: ifthen 2020/11/24 v1.1c Standard LaTeX ifthen package (DPC)
)
(d:/Studium/TexLive/2021/texmf-dist/tex/latex/url/url.sty
\Urlmuskip=\muskip17
Package: url 2013/09/16  ver 3.4  Verb mode for urls, etc.
)
\c@tabx@nest=\count281
\c@listtotal=\count282
\c@listcount=\count283
\c@liststart=\count284
\c@liststop=\count285
\c@citecount=\count286
\c@citetotal=\count287
\c@multicitecount=\count288
\c@multicitetotal=\count289
\c@instcount=\count290
\c@maxnames=\count291
\c@minnames=\count292
\c@maxitems=\count293
\c@minitems=\count294
\c@citecounter=\count295
\c@maxcitecounter=\count296
\c@savedcitecounter=\count297
\c@uniquelist=\count298
\c@uniquename=\count299
\c@refsection=\count300
\c@refsegment=\count301
\c@maxextratitle=\count302
\c@maxextratitleyear=\count303
\c@maxextraname=\count304
\c@maxextradate=\count305
\c@maxextraalpha=\count306
\c@abbrvpenalty=\count307
\c@highnamepenalty=\count308
\c@lownamepenalty=\count309
\c@maxparens=\count310
\c@parenlevel=\count311
\blx@tempcnta=\count312
\blx@tempcntb=\count313
\blx@tempcntc=\count314
\blx@maxsection=\count315
\blx@maxsegment@0=\count316
\blx@notetype=\count317
\blx@parenlevel@text=\count318
\blx@parenlevel@foot=\count319
\blx@sectionciteorder@0=\count320
\blx@entrysetcounter=\count321
\blx@biblioinstance=\count322
>>>>>>> 4525d948183ac69691793c507720e3f62ad200be
\labelnumberwidth=\skip64
\labelalphawidth=\skip65
\biblabelsep=\skip66
\bibitemsep=\skip67
\bibnamesep=\skip68
\bibinitsep=\skip69
\bibparsep=\skip70
\bibhang=\skip71
\blx@bcfin=\read3
\blx@bcfout=\write3
\blx@langwohyphens=\language88
<<<<<<< HEAD
\c@mincomprange=\count326
\c@maxcomprange=\count327
\c@mincompwidth=\count328
Package biblatex Info: Trying to load biblatex default data model...
Package biblatex Info: ... file 'blx-dm.def' found.

(/usr/share/texmf-dist/tex/latex/biblatex/blx-dm.def
File: blx-dm.def 2022/02/02 v3.17 biblatex localization (PK/MW)
=======
\c@mincomprange=\count323
\c@maxcomprange=\count324
\c@mincompwidth=\count325
Package biblatex Info: Trying to load biblatex default data model...
Package biblatex Info: ... file 'blx-dm.def' found.

(d:/Studium/TexLive/2021/texmf-dist/tex/latex/biblatex/blx-dm.def
File: blx-dm.def 2020/12/31 v3.16 biblatex localization (PK/MW)
>>>>>>> 4525d948183ac69691793c507720e3f62ad200be
)
Package biblatex Info: Trying to load biblatex style data model...
Package biblatex Info: ... file 'alphabetic.dbx' not found.
Package biblatex Info: Trying to load biblatex custom data model...
Package biblatex Info: ... file 'biblatex-dm.cfg' not found.
<<<<<<< HEAD
\c@afterword=\count329
\c@savedafterword=\count330
\c@annotator=\count331
\c@savedannotator=\count332
\c@author=\count333
\c@savedauthor=\count334
\c@bookauthor=\count335
\c@savedbookauthor=\count336
\c@commentator=\count337
\c@savedcommentator=\count338
\c@editor=\count339
\c@savededitor=\count340
\c@editora=\count341
\c@savededitora=\count342
\c@editorb=\count343
\c@savededitorb=\count344
\c@editorc=\count345
\c@savededitorc=\count346
\c@foreword=\count347
\c@savedforeword=\count348
\c@holder=\count349
\c@savedholder=\count350
\c@introduction=\count351
\c@savedintroduction=\count352
\c@namea=\count353
\c@savednamea=\count354
\c@nameb=\count355
\c@savednameb=\count356
\c@namec=\count357
\c@savednamec=\count358
\c@translator=\count359
\c@savedtranslator=\count360
\c@shortauthor=\count361
\c@savedshortauthor=\count362
\c@shorteditor=\count363
\c@savedshorteditor=\count364
\c@labelname=\count365
\c@savedlabelname=\count366
\c@institution=\count367
\c@savedinstitution=\count368
\c@lista=\count369
\c@savedlista=\count370
\c@listb=\count371
\c@savedlistb=\count372
\c@listc=\count373
\c@savedlistc=\count374
\c@listd=\count375
\c@savedlistd=\count376
\c@liste=\count377
\c@savedliste=\count378
\c@listf=\count379
\c@savedlistf=\count380
\c@location=\count381
\c@savedlocation=\count382
\c@organization=\count383
\c@savedorganization=\count384
\c@origlocation=\count385
\c@savedoriglocation=\count386
\c@origpublisher=\count387
\c@savedorigpublisher=\count388
\c@publisher=\count389
\c@savedpublisher=\count390
\c@language=\count391
\c@savedlanguage=\count392
\c@origlanguage=\count393
\c@savedoriglanguage=\count394
\c@pageref=\count395
\c@savedpageref=\count396
=======
\c@afterword=\count326
\c@savedafterword=\count327
\c@annotator=\count328
\c@savedannotator=\count329
\c@author=\count330
\c@savedauthor=\count331
\c@bookauthor=\count332
\c@savedbookauthor=\count333
\c@commentator=\count334
\c@savedcommentator=\count335
\c@editor=\count336
\c@savededitor=\count337
\c@editora=\count338
\c@savededitora=\count339
\c@editorb=\count340
\c@savededitorb=\count341
\c@editorc=\count342
\c@savededitorc=\count343
\c@foreword=\count344
\c@savedforeword=\count345
\c@holder=\count346
\c@savedholder=\count347
\c@introduction=\count348
\c@savedintroduction=\count349
\c@namea=\count350
\c@savednamea=\count351
\c@nameb=\count352
\c@savednameb=\count353
\c@namec=\count354
\c@savednamec=\count355
\c@translator=\count356
\c@savedtranslator=\count357
\c@shortauthor=\count358
\c@savedshortauthor=\count359
\c@shorteditor=\count360
\c@savedshorteditor=\count361
\c@labelname=\count362
\c@savedlabelname=\count363
\c@institution=\count364
\c@savedinstitution=\count365
\c@lista=\count366
\c@savedlista=\count367
\c@listb=\count368
\c@savedlistb=\count369
\c@listc=\count370
\c@savedlistc=\count371
\c@listd=\count372
\c@savedlistd=\count373
\c@liste=\count374
\c@savedliste=\count375
\c@listf=\count376
\c@savedlistf=\count377
\c@location=\count378
\c@savedlocation=\count379
\c@organization=\count380
\c@savedorganization=\count381
\c@origlocation=\count382
\c@savedoriglocation=\count383
\c@origpublisher=\count384
\c@savedorigpublisher=\count385
\c@publisher=\count386
\c@savedpublisher=\count387
\c@language=\count388
\c@savedlanguage=\count389
\c@origlanguage=\count390
\c@savedoriglanguage=\count391
\c@pageref=\count392
\c@savedpageref=\count393
>>>>>>> 4525d948183ac69691793c507720e3f62ad200be
\shorthandwidth=\skip72
\shortjournalwidth=\skip73
\shortserieswidth=\skip74
\shorttitlewidth=\skip75
\shortauthorwidth=\skip76
\shorteditorwidth=\skip77
\locallabelnumberwidth=\skip78
\locallabelalphawidth=\skip79
\localshorthandwidth=\skip80
\localshortjournalwidth=\skip81
\localshortserieswidth=\skip82
\localshorttitlewidth=\skip83
\localshortauthorwidth=\skip84
\localshorteditorwidth=\skip85
Package biblatex Info: Trying to load compatibility code...
Package biblatex Info: ... file 'blx-compat.def' found.

<<<<<<< HEAD
(/usr/share/texmf-dist/tex/latex/biblatex/blx-compat.def
File: blx-compat.def 2022/02/02 v3.17 biblatex compatibility (PK/MW)
=======
(d:/Studium/TexLive/2021/texmf-dist/tex/latex/biblatex/blx-compat.def
File: blx-compat.def 2020/12/31 v3.16 biblatex compatibility (PK/MW)
>>>>>>> 4525d948183ac69691793c507720e3f62ad200be
)
Package biblatex Info: Trying to load generic definitions...
Package biblatex Info: ... file 'biblatex.def' found.

<<<<<<< HEAD
(/usr/share/texmf-dist/tex/latex/biblatex/biblatex.def
File: biblatex.def 2022/02/02 v3.17 biblatex compatibility (PK/MW)
\c@textcitecount=\count397
\c@textcitetotal=\count398
\c@textcitemaxnames=\count399
\c@biburlbigbreakpenalty=\count400
\c@biburlbreakpenalty=\count401
\c@biburlnumpenalty=\count402
\c@biburlucpenalty=\count403
\c@biburllcpenalty=\count404
=======
(d:/Studium/TexLive/2021/texmf-dist/tex/latex/biblatex/biblatex.def
File: biblatex.def 2020/12/31 v3.16 biblatex compatibility (PK/MW)
\c@textcitecount=\count394
\c@textcitetotal=\count395
\c@textcitemaxnames=\count396
\c@biburlbigbreakpenalty=\count397
\c@biburlbreakpenalty=\count398
\c@biburlnumpenalty=\count399
\c@biburlucpenalty=\count400
\c@biburllcpenalty=\count401
>>>>>>> 4525d948183ac69691793c507720e3f62ad200be
\biburlbigskip=\muskip18
\biburlnumskip=\muskip19
\biburlucskip=\muskip20
\biburllcskip=\muskip21
<<<<<<< HEAD
\c@smartand=\count405
=======
\c@smartand=\count402
>>>>>>> 4525d948183ac69691793c507720e3f62ad200be
)
Package biblatex Info: Trying to load bibliography style 'alphabetic'...
Package biblatex Info: ... file 'alphabetic.bbx' found.

<<<<<<< HEAD
(/usr/share/texmf-dist/tex/latex/biblatex/bbx/alphabetic.bbx
File: alphabetic.bbx 2022/02/02 v3.17 biblatex bibliography style (PK/MW)
Package biblatex Info: Trying to load bibliography style 'standard'...
Package biblatex Info: ... file 'standard.bbx' found.

(/usr/share/texmf-dist/tex/latex/biblatex/bbx/standard.bbx
File: standard.bbx 2022/02/02 v3.17 biblatex bibliography style (PK/MW)
\c@bbx:relatedcount=\count406
\c@bbx:relatedtotal=\count407
=======
(d:/Studium/TexLive/2021/texmf-dist/tex/latex/biblatex/bbx/alphabetic.bbx
File: alphabetic.bbx 2020/12/31 v3.16 biblatex bibliography style (PK/MW)
Package biblatex Info: Trying to load bibliography style 'standard'...
Package biblatex Info: ... file 'standard.bbx' found.

(d:/Studium/TexLive/2021/texmf-dist/tex/latex/biblatex/bbx/standard.bbx
File: standard.bbx 2020/12/31 v3.16 biblatex bibliography style (PK/MW)
\c@bbx:relatedcount=\count403
\c@bbx:relatedtotal=\count404
>>>>>>> 4525d948183ac69691793c507720e3f62ad200be
))
Package biblatex Info: Trying to load citation style 'alphabetic'...
Package biblatex Info: ... file 'alphabetic.cbx' found.

<<<<<<< HEAD
(/usr/share/texmf-dist/tex/latex/biblatex/cbx/alphabetic.cbx
File: alphabetic.cbx 2022/02/02 v3.17 biblatex citation style (PK/MW)
=======
(d:/Studium/TexLive/2021/texmf-dist/tex/latex/biblatex/cbx/alphabetic.cbx
File: alphabetic.cbx 2020/12/31 v3.16 biblatex citation style (PK/MW)
>>>>>>> 4525d948183ac69691793c507720e3f62ad200be
Package biblatex Info: Redefining '\cite'.
Package biblatex Info: Redefining '\parencite'.
Package biblatex Info: Redefining '\footcite'.
Package biblatex Info: Redefining '\footcitetext'.
Package biblatex Info: Redefining '\smartcite'.
Package biblatex Info: Redefining '\textcite'.
Package biblatex Info: Redefining '\textcites'.
Package biblatex Info: Redefining '\cites'.
Package biblatex Info: Redefining '\parencites'.
Package biblatex Info: Redefining '\smartcites'.
)
Package biblatex Info: Trying to load configuration file...
Package biblatex Info: ... file 'biblatex.cfg' found.

<<<<<<< HEAD
(/usr/share/texmf-dist/tex/latex/biblatex/biblatex.cfg
File: biblatex.cfg 
)
Package biblatex Info: Input encoding 'utf8' detected.
Package biblatex Info: Document encoding is UTF8 ....

(/usr/share/texmf-dist/tex/latex/l3kernel/expl3.sty
Package: expl3 2022-04-10 L3 programming layer (loader) 

(/usr/share/texmf-dist/tex/latex/l3backend/l3backend-pdftex.def
File: l3backend-pdftex.def 2022-04-14 L3 backend support: PDF output (pdfTeX)
\l__color_backend_stack_int=\count408
\l__pdf_internal_box=\box54
))
Package biblatex Info: ... and expl3
(biblatex)             2022-04-10 L3 programming layer (loader) 
(biblatex)             is new enough (at least 2020/04/06),
(biblatex)             setting 'casechanger=expl3'.

(/usr/share/texmf-dist/tex/latex/biblatex/blx-case-expl3.sty
(/usr/share/texmf-dist/tex/latex/l3packages/xparse/xparse.sty
Package: xparse 2022-01-12 L3 Experimental document command parser
)
Package: blx-case-expl3 2022/02/02 v3.17 expl3 case changing code for biblatex
))
(/usr/share/texmf-dist/tex/latex/listings/listings.sty
\lst@mode=\count409
\lst@gtempboxa=\box55
\lst@token=\toks35
\lst@length=\count410
\lst@currlwidth=\dimen167
\lst@column=\count411
\lst@pos=\count412
\lst@lostspace=\dimen168
\lst@width=\dimen169
\lst@newlines=\count413
\lst@lineno=\count414
\lst@maxwidth=\dimen170

(/usr/share/texmf-dist/tex/latex/listings/lstmisc.sty
File: lstmisc.sty 2020/03/24 1.8d (Carsten Heinz)
\c@lstnumber=\count415
\lst@skipnumbers=\count416
\lst@framebox=\box56
)
(/usr/share/texmf-dist/tex/latex/listings/listings.cfg
=======
(d:/Studium/TexLive/2021/texmf-dist/tex/latex/biblatex/biblatex.cfg
File: biblatex.cfg 
))
(d:/Studium/TexLive/2021/texmf-dist/tex/latex/listings/listings.sty
\lst@mode=\count405
\lst@gtempboxa=\box54
\lst@token=\toks35
\lst@length=\count406
\lst@currlwidth=\dimen166
\lst@column=\count407
\lst@pos=\count408
\lst@lostspace=\dimen167
\lst@width=\dimen168
\lst@newlines=\count409
\lst@lineno=\count410
\lst@maxwidth=\dimen169

(d:/Studium/TexLive/2021/texmf-dist/tex/latex/listings/lstmisc.sty
File: lstmisc.sty 2020/03/24 1.8d (Carsten Heinz)
\c@lstnumber=\count411
\lst@skipnumbers=\count412
\lst@framebox=\box55
)
(d:/Studium/TexLive/2021/texmf-dist/tex/latex/listings/listings.cfg
>>>>>>> 4525d948183ac69691793c507720e3f62ad200be
File: listings.cfg 2020/03/24 1.8d listings configuration
))
Package: listings 2020/03/24 1.8d (Carsten Heinz)

<<<<<<< HEAD
(/usr/share/texmf-dist/tex/latex/xcolor/xcolor.sty
Package: xcolor 2021/10/31 v2.13 LaTeX color extensions (UK)

(/usr/share/texmf-dist/tex/latex/graphics-cfg/color.cfg
=======
(d:/Studium/TexLive/2021/texmf-dist/tex/latex/xcolor/xcolor.sty
Package: xcolor 2021/10/31 v2.13 LaTeX color extensions (UK)

(d:/Studium/TexLive/2021/texmf-dist/tex/latex/graphics-cfg/color.cfg
>>>>>>> 4525d948183ac69691793c507720e3f62ad200be
File: color.cfg 2016/01/02 v1.6 sample color configuration
)
Package xcolor Info: Driver file: pdftex.def on input line 227.
Package xcolor Info: Model `cmy' substituted by `cmy0' on input line 1352.
Package xcolor Info: Model `hsb' substituted by `rgb' on input line 1356.
Package xcolor Info: Model `RGB' extended on input line 1368.
Package xcolor Info: Model `HTML' substituted by `rgb' on input line 1370.
Package xcolor Info: Model `Hsb' substituted by `hsb' on input line 1371.
Package xcolor Info: Model `tHsb' substituted by `hsb' on input line 1372.
Package xcolor Info: Model `HSB' substituted by `hsb' on input line 1373.
Package xcolor Info: Model `Gray' substituted by `gray' on input line 1374.
Package xcolor Info: Model `wave' substituted by `hsb' on input line 1375.
)
<<<<<<< HEAD
(/usr/share/texmf-dist/tex/latex/titlesec/titlesec.sty
Package: titlesec 2021/07/05 v2.14 Sectioning titles
\ttl@box=\box57
\beforetitleunit=\skip86
\aftertitleunit=\skip87
\ttl@plus=\dimen171
\ttl@minus=\dimen172
\ttl@toksa=\toks36
\titlewidth=\dimen173
\titlewidthlast=\dimen174
\titlewidthfirst=\dimen175
)
(/usr/share/texmf-dist/tex/latex/hyperref/hyperref.sty
Package: hyperref 2022-02-21 v7.00n Hypertext links for LaTeX

(/usr/share/texmf-dist/tex/generic/kvdefinekeys/kvdefinekeys.sty
Package: kvdefinekeys 2019-12-19 v1.6 Define keys (HO)
)
(/usr/share/texmf-dist/tex/generic/pdfescape/pdfescape.sty
Package: pdfescape 2019/12/09 v1.15 Implements pdfTeX's escape features (HO)
)
(/usr/share/texmf-dist/tex/latex/hycolor/hycolor.sty
Package: hycolor 2020-01-27 v1.10 Color options for hyperref/bookmark (HO)
)
(/usr/share/texmf-dist/tex/latex/letltxmacro/letltxmacro.sty
Package: letltxmacro 2019/12/03 v1.6 Let assignment for LaTeX macros (HO)
)
(/usr/share/texmf-dist/tex/latex/auxhook/auxhook.sty
Package: auxhook 2019-12-17 v1.6 Hooks for auxiliary files (HO)
)
\@linkdim=\dimen176
\Hy@linkcounter=\count417
\Hy@pagecounter=\count418

(/usr/share/texmf-dist/tex/latex/hyperref/pd1enc.def
File: pd1enc.def 2022-02-21 v7.00n Hyperref: PDFDocEncoding definition (HO)
Now handling font encoding PD1 ...
... no UTF-8 mapping file for font encoding PD1
)
(/usr/share/texmf-dist/tex/generic/intcalc/intcalc.sty
Package: intcalc 2019/12/15 v1.3 Expandable calculations with integers (HO)
)
(/usr/share/texmf-dist/tex/generic/etexcmds/etexcmds.sty
Package: etexcmds 2019/12/15 v1.7 Avoid name clashes with e-TeX commands (HO)
)
\Hy@SavedSpaceFactor=\count419

(/usr/share/texmf-dist/tex/latex/hyperref/puenc.def
File: puenc.def 2022-02-21 v7.00n Hyperref: PDF Unicode definition (HO)
Now handling font encoding PU ...
... no UTF-8 mapping file for font encoding PU
)
Package hyperref Info: Hyper figures OFF on input line 4137.
Package hyperref Info: Link nesting OFF on input line 4142.
Package hyperref Info: Hyper index ON on input line 4145.
Package hyperref Info: Plain pages OFF on input line 4152.
Package hyperref Info: Backreferencing OFF on input line 4157.
Package hyperref Info: Implicit mode ON; LaTeX internals redefined.
Package hyperref Info: Bookmarks ON on input line 4390.
\c@Hy@tempcnt=\count420
LaTeX Info: Redefining \url on input line 4749.
\XeTeXLinkMargin=\dimen177

(/usr/share/texmf-dist/tex/generic/bitset/bitset.sty
Package: bitset 2019/12/09 v1.3 Handle bit-vector datatype (HO)

(/usr/share/texmf-dist/tex/generic/bigintcalc/bigintcalc.sty
Package: bigintcalc 2019/12/15 v1.5 Expandable calculations on big integers (HO
)
))
\Fld@menulength=\count421
\Field@Width=\dimen178
\Fld@charsize=\dimen179
Package hyperref Info: Hyper figures OFF on input line 6027.
Package hyperref Info: Link nesting OFF on input line 6032.
Package hyperref Info: Hyper index ON on input line 6035.
Package hyperref Info: backreferencing OFF on input line 6042.
Package hyperref Info: Link coloring OFF on input line 6047.
Package hyperref Info: Link coloring with OCG OFF on input line 6052.
Package hyperref Info: PDF/A mode OFF on input line 6057.
LaTeX Info: Redefining \ref on input line 6097.
LaTeX Info: Redefining \pageref on input line 6101.

(/usr/share/texmf-dist/tex/latex/base/atbegshi-ltx.sty
Package: atbegshi-ltx 2021/01/10 v1.0c Emulation of the original atbegshi
package with kernel methods
)
\Hy@abspage=\count422
\c@Item=\count423
\c@Hfootnote=\count424
)
Package hyperref Info: Driver (autodetected): hpdftex.

(/usr/share/texmf-dist/tex/latex/hyperref/hpdftex.def
File: hpdftex.def 2022-02-21 v7.00n Hyperref driver for pdfTeX

(/usr/share/texmf-dist/tex/latex/base/atveryend-ltx.sty
Package: atveryend-ltx 2020/08/19 v1.0a Emulation of the original atveryend pac
kage
with kernel methods
)
\Fld@listcount=\count425
\c@bookmark@seq@number=\count426

(/usr/share/texmf-dist/tex/latex/rerunfilecheck/rerunfilecheck.sty
Package: rerunfilecheck 2019/12/05 v1.9 Rerun checks for auxiliary files (HO)

(/usr/share/texmf-dist/tex/generic/uniquecounter/uniquecounter.sty
=======
(d:/Studium/TexLive/2021/texmf-dist/tex/latex/titlesec/titlesec.sty
Package: titlesec 2021/07/05 v2.14 Sectioning titles
\ttl@box=\box56
\beforetitleunit=\skip86
\aftertitleunit=\skip87
\ttl@plus=\dimen170
\ttl@minus=\dimen171
\ttl@toksa=\toks36
\titlewidth=\dimen172
\titlewidthlast=\dimen173
\titlewidthfirst=\dimen174
)
(d:/Studium/TexLive/2021/texmf-dist/tex/latex/hyperref/hyperref.sty
Package: hyperref 2021-06-07 v7.00m Hypertext links for LaTeX

(d:/Studium/TexLive/2021/texmf-dist/tex/generic/kvdefinekeys/kvdefinekeys.sty
Package: kvdefinekeys 2019-12-19 v1.6 Define keys (HO)
)
(d:/Studium/TexLive/2021/texmf-dist/tex/generic/pdfescape/pdfescape.sty
Package: pdfescape 2019/12/09 v1.15 Implements pdfTeX's escape features (HO)
)
(d:/Studium/TexLive/2021/texmf-dist/tex/latex/hycolor/hycolor.sty
Package: hycolor 2020-01-27 v1.10 Color options for hyperref/bookmark (HO)
)
(d:/Studium/TexLive/2021/texmf-dist/tex/latex/letltxmacro/letltxmacro.sty
Package: letltxmacro 2019/12/03 v1.6 Let assignment for LaTeX macros (HO)
)
(d:/Studium/TexLive/2021/texmf-dist/tex/latex/auxhook/auxhook.sty
Package: auxhook 2019-12-17 v1.6 Hooks for auxiliary files (HO)
)
\@linkdim=\dimen175
\Hy@linkcounter=\count413
\Hy@pagecounter=\count414

(d:/Studium/TexLive/2021/texmf-dist/tex/latex/hyperref/pd1enc.def
File: pd1enc.def 2021-06-07 v7.00m Hyperref: PDFDocEncoding definition (HO)
Now handling font encoding PD1 ...
... no UTF-8 mapping file for font encoding PD1
)
(d:/Studium/TexLive/2021/texmf-dist/tex/latex/hyperref/hyperref-langpatches.def
File: hyperref-langpatches.def 2021-06-07 v7.00m Hyperref: patches for babel la
nguages
) (d:/Studium/TexLive/2021/texmf-dist/tex/generic/intcalc/intcalc.sty
Package: intcalc 2019/12/15 v1.3 Expandable calculations with integers (HO)
)
(d:/Studium/TexLive/2021/texmf-dist/tex/generic/etexcmds/etexcmds.sty
Package: etexcmds 2019/12/15 v1.7 Avoid name clashes with e-TeX commands (HO)
)
\Hy@SavedSpaceFactor=\count415

(d:/Studium/TexLive/2021/texmf-dist/tex/latex/hyperref/puenc.def
File: puenc.def 2021-06-07 v7.00m Hyperref: PDF Unicode definition (HO)
Now handling font encoding PU ...
... no UTF-8 mapping file for font encoding PU
)
Package hyperref Info: Hyper figures OFF on input line 4192.
Package hyperref Info: Link nesting OFF on input line 4197.
Package hyperref Info: Hyper index ON on input line 4200.
Package hyperref Info: Plain pages OFF on input line 4207.
Package hyperref Info: Backreferencing OFF on input line 4212.
Package hyperref Info: Implicit mode ON; LaTeX internals redefined.
Package hyperref Info: Bookmarks ON on input line 4445.
\c@Hy@tempcnt=\count416
LaTeX Info: Redefining \url on input line 4804.
\XeTeXLinkMargin=\dimen176

(d:/Studium/TexLive/2021/texmf-dist/tex/generic/bitset/bitset.sty
Package: bitset 2019/12/09 v1.3 Handle bit-vector datatype (HO)

(d:/Studium/TexLive/2021/texmf-dist/tex/generic/bigintcalc/bigintcalc.sty
Package: bigintcalc 2019/12/15 v1.5 Expandable calculations on big integers (HO
)
))
\Fld@menulength=\count417
\Field@Width=\dimen177
\Fld@charsize=\dimen178
Package hyperref Info: Hyper figures OFF on input line 6076.
Package hyperref Info: Link nesting OFF on input line 6081.
Package hyperref Info: Hyper index ON on input line 6084.
Package hyperref Info: backreferencing OFF on input line 6091.
Package hyperref Info: Link coloring OFF on input line 6096.
Package hyperref Info: Link coloring with OCG OFF on input line 6101.
Package hyperref Info: PDF/A mode OFF on input line 6106.
LaTeX Info: Redefining \ref on input line 6146.
LaTeX Info: Redefining \pageref on input line 6150.

(d:/Studium/TexLive/2021/texmf-dist/tex/latex/base/atbegshi-ltx.sty
Package: atbegshi-ltx 2021/01/10 v1.0c Emulation of the original atbegshi
package with kernel methods
)
\Hy@abspage=\count418
\c@Item=\count419
\c@Hfootnote=\count420
)
Package hyperref Info: Driver (autodetected): hpdftex.

(d:/Studium/TexLive/2021/texmf-dist/tex/latex/hyperref/hpdftex.def
File: hpdftex.def 2021-06-07 v7.00m Hyperref driver for pdfTeX

(d:/Studium/TexLive/2021/texmf-dist/tex/latex/base/atveryend-ltx.sty
Package: atveryend-ltx 2020/08/19 v1.0a Emulation of the original atvery packag
e
with kernel methods
)
\Fld@listcount=\count421
\c@bookmark@seq@number=\count422

(d:/Studium/TexLive/2021/texmf-dist/tex/latex/rerunfilecheck/rerunfilecheck.sty
Package: rerunfilecheck 2019/12/05 v1.9 Rerun checks for auxiliary files (HO)

(d:/Studium/TexLive/2021/texmf-dist/tex/generic/uniquecounter/uniquecounter.sty
>>>>>>> 4525d948183ac69691793c507720e3f62ad200be
Package: uniquecounter 2019/12/15 v1.4 Provide unlimited unique counter (HO)
)
Package uniquecounter Info: New unique counter `rerunfilecheck' on input line 2
86.
)
\Hy@SectionHShift=\skip88
)
Package hyperref Info: Option `colorlinks' set `false' on input line 91.


Package biblatex Warning: 'babel/polyglossia' detected but 'csquotes' missing.
(biblatex)                Loading 'csquotes' recommended.

<<<<<<< HEAD
\@quotelevel=\count427
\@quotereset=\count428
=======
\@quotelevel=\count423
\@quotereset=\count424
(d:/Studium/TexLive/2021/texmf-dist/tex/latex/l3backend/l3backend-pdftex.def
File: l3backend-pdftex.def 2021-10-18 L3 backend support: PDF output (pdfTeX)
\l__color_backend_stack_int=\count425
\l__pdf_internal_box=\box57
)
>>>>>>> 4525d948183ac69691793c507720e3f62ad200be
(./main.aux)
\openout1 = `main.aux'.

LaTeX Font Info:    Checking defaults for OML/cmm/m/it on input line 179.
LaTeX Font Info:    ... okay on input line 179.
LaTeX Font Info:    Checking defaults for OMS/cmsy/m/n on input line 179.
LaTeX Font Info:    ... okay on input line 179.
LaTeX Font Info:    Checking defaults for OT1/cmr/m/n on input line 179.
LaTeX Font Info:    ... okay on input line 179.
LaTeX Font Info:    Checking defaults for T1/cmr/m/n on input line 179.
LaTeX Font Info:    ... okay on input line 179.
LaTeX Font Info:    Checking defaults for TS1/cmr/m/n on input line 179.
LaTeX Font Info:    ... okay on input line 179.
LaTeX Font Info:    Checking defaults for OMX/cmex/m/n on input line 179.
LaTeX Font Info:    ... okay on input line 179.
LaTeX Font Info:    Checking defaults for U/cmr/m/n on input line 179.
LaTeX Font Info:    ... okay on input line 179.
LaTeX Font Info:    Checking defaults for PD1/pdf/m/n on input line 179.
LaTeX Font Info:    ... okay on input line 179.
LaTeX Font Info:    Checking defaults for PU/pdf/m/n on input line 179.
LaTeX Font Info:    ... okay on input line 179.
<<<<<<< HEAD
 (/usr/share/texmf-dist/tex/context/base/mkii/supp-pdf.mkii
[Loading MPS to PDF converter (version 2006.09.02).]
\scratchcounter=\count429
\scratchdimen=\dimen180
\scratchbox=\box58
\nofMPsegments=\count430
\nofMParguments=\count431
\everyMPshowfont=\toks37
\MPscratchCnt=\count432
\MPscratchDim=\dimen181
\MPnumerator=\count433
\makeMPintoPDFobject=\count434
\everyMPtoPDFconversion=\toks38
) (/usr/share/texmf-dist/tex/latex/epstopdf-pkg/epstopdf-base.sty
=======

(d:/Studium/TexLive/2021/texmf-dist/tex/context/base/mkii/supp-pdf.mkii
[Loading MPS to PDF converter (version 2006.09.02).]
\scratchcounter=\count426
\scratchdimen=\dimen179
\scratchbox=\box58
\nofMPsegments=\count427
\nofMParguments=\count428
\everyMPshowfont=\toks37
\MPscratchCnt=\count429
\MPscratchDim=\dimen180
\MPnumerator=\count430
\makeMPintoPDFobject=\count431
\everyMPtoPDFconversion=\toks38
) (d:/Studium/TexLive/2021/texmf-dist/tex/latex/epstopdf-pkg/epstopdf-base.sty
>>>>>>> 4525d948183ac69691793c507720e3f62ad200be
Package: epstopdf-base 2020-01-24 v2.11 Base part for package epstopdf
Package epstopdf-base Info: Redefining graphics rule for `.eps' on input line 4
85.

<<<<<<< HEAD
(/usr/share/texmf-dist/tex/latex/latexconfig/epstopdf-sys.cfg
=======
(d:/Studium/TexLive/2021/texmf-dist/tex/latex/latexconfig/epstopdf-sys.cfg
>>>>>>> 4525d948183ac69691793c507720e3f62ad200be
File: epstopdf-sys.cfg 2010/07/13 v1.3 Configuration of (r)epstopdf for TeX Liv
e
))
Package caption Info: Begin \AtBeginDocument code.
Package caption Info: float package is loaded.
Package caption Info: hyperref package is loaded.
Package caption Info: listings package is loaded.
Package caption Info: End \AtBeginDocument code.

*geometry* driver: auto-detecting
*geometry* detected driver: pdftex
*geometry* verbose mode - [ preamble ] result:
* driver: pdftex
* paper: a4paper
* layout: <same size as paper>
* layoutoffset:(h,v)=(0.0pt,0.0pt)
* bindingoffset: 14.22636pt
* modes: twoside 
* h-part:(L,W,R)=(51.21497pt, 455.24408pt, 76.82246pt)
* v-part:(T,H,B)=(85.35826pt, 674.33032pt, 85.35826pt)
* \paperwidth=597.50787pt
* \paperheight=845.04684pt
* \textwidth=455.24408pt
* \textheight=674.33032pt
* \oddsidemargin=-6.82866pt
* \evensidemargin=4.55247pt
* \topmargin=-23.91173pt
* \headheight=12.0pt
* \headsep=25.0pt
* \topskip=12.0pt
* \footskip=30.0pt
* \marginparwidth=95.0pt
* \marginparsep=10.0pt
* \columnsep=10.0pt
* \skip\footins=10.8pt plus 4.0pt minus 2.0pt
* \hoffset=0.0pt
* \voffset=0.0pt
* \mag=1000
* \@twocolumnfalse
* \@twosidetrue
* \@mparswitchtrue
* \@reversemarginfalse
* (1in=72.27pt=25.4mm, 1cm=28.453pt)

Package biblatex Info: Trying to load language 'english'...
Package biblatex Info: ... file 'english.lbx' found.
<<<<<<< HEAD
(/usr/share/texmf-dist/tex/latex/biblatex/lbx/english.lbx
File: english.lbx 2022/02/02 v3.17 biblatex localization (PK/MW)
=======
(d:/Studium/TexLive/2021/texmf-dist/tex/latex/biblatex/lbx/english.lbx
File: english.lbx 2020/12/31 v3.16 biblatex localization (PK/MW)
>>>>>>> 4525d948183ac69691793c507720e3f62ad200be
)
Package biblatex Info: Trying to load language 'ngerman'...
Package biblatex Info: ... file 'ngerman.lbx' found.

<<<<<<< HEAD
(/usr/share/texmf-dist/tex/latex/biblatex/lbx/ngerman.lbx
File: ngerman.lbx 2022/02/02 v3.17 biblatex localization (PK/MW)
Package biblatex Info: Trying to load language 'german'...
Package biblatex Info: ... file 'german.lbx' found.

(/usr/share/texmf-dist/tex/latex/biblatex/lbx/german.lbx
File: german.lbx 2022/02/02 v3.17 biblatex localization (PK/MW)
=======
(d:/Studium/TexLive/2021/texmf-dist/tex/latex/biblatex/lbx/ngerman.lbx
File: ngerman.lbx 2020/12/31 v3.16 biblatex localization (PK/MW)
Package biblatex Info: Trying to load language 'german'...
Package biblatex Info: ... file 'german.lbx' found.

(d:/Studium/TexLive/2021/texmf-dist/tex/latex/biblatex/lbx/german.lbx
File: german.lbx 2020/12/31 v3.16 biblatex localization (PK/MW)
>>>>>>> 4525d948183ac69691793c507720e3f62ad200be
)
Package biblatex Info: Trying to load language 'german'...
Package biblatex Info: ... file 'german.lbx' found.

<<<<<<< HEAD
(/usr/share/texmf-dist/tex/latex/biblatex/lbx/german.lbx
File: german.lbx 2022/02/02 v3.17 biblatex localization (PK/MW)
=======
(d:/Studium/TexLive/2021/texmf-dist/tex/latex/biblatex/lbx/german.lbx
File: german.lbx 2020/12/31 v3.16 biblatex localization (PK/MW)
>>>>>>> 4525d948183ac69691793c507720e3f62ad200be
))
Package biblatex Info: Input encoding 'utf8' detected.
Package biblatex Info: Automatic encoding selection.
(biblatex)             Assuming data encoding 'utf8'.
\openout3 = `main.bcf'.

Package biblatex Info: Trying to load bibliographic data...


Package biblatex Warning: File 'main.bbl' is wrong format version - expected 3.
2.

Package biblatex Info: ... file 'main.bbl' found.
(./main.bbl)
Package biblatex Info: Reference section=0 on input line 179.
Package biblatex Info: Reference segment=0 on input line 179.
<<<<<<< HEAD
\c@lstlisting=\count435
Package hyperref Info: Link coloring OFF on input line 179.
 (/usr/share/texmf-dist/tex/latex/hyperref/nameref.sty
Package: nameref 2021-04-02 v2.47 Cross-referencing by name of section

(/usr/share/texmf-dist/tex/latex/refcount/refcount.sty
Package: refcount 2019/12/15 v3.6 Data extraction from label references (HO)
)
(/usr/share/texmf-dist/tex/generic/gettitlestring/gettitlestring.sty
Package: gettitlestring 2019/12/15 v1.6 Cleanup title references (HO)
)
\c@section@level=\count436
=======
\c@lstlisting=\count432
Package hyperref Info: Link coloring OFF on input line 179.
 (d:/Studium/TexLive/2021/texmf-dist/tex/latex/hyperref/nameref.sty
Package: nameref 2021-04-02 v2.47 Cross-referencing by name of section
(d:/Studium/TexLive/2021/texmf-dist/tex/latex/refcount/refcount.sty
Package: refcount 2019/12/15 v3.6 Data extraction from label references (HO)
)
(d:/Studium/TexLive/2021/texmf-dist/tex/generic/gettitlestring/gettitlestring.s
ty
Package: gettitlestring 2019/12/15 v1.6 Cleanup title references (HO)
)
\c@section@level=\count433
>>>>>>> 4525d948183ac69691793c507720e3f62ad200be
)
LaTeX Info: Redefining \ref on input line 179.
LaTeX Info: Redefining \pageref on input line 179.
LaTeX Info: Redefining \nameref on input line 179.
<<<<<<< HEAD

(./main.out) (./main.out)
=======
 (./main.out) (./main.out)
>>>>>>> 4525d948183ac69691793c507720e3f62ad200be
\@outlinefile=\write4
\openout4 = `main.out'.

 (./chapters/titlepage.tex
LaTeX Font Info:    Trying to load font information for U+msa on input line 27.


<<<<<<< HEAD
(/usr/share/texmf-dist/tex/latex/amsfonts/umsa.fd
=======
(d:/Studium/TexLive/2021/texmf-dist/tex/latex/amsfonts/umsa.fd
>>>>>>> 4525d948183ac69691793c507720e3f62ad200be
File: umsa.fd 2013/01/14 v3.01 AMS symbols A
)
LaTeX Font Info:    Trying to load font information for U+msb on input line 27.


<<<<<<< HEAD
(/usr/share/texmf-dist/tex/latex/amsfonts/umsb.fd
=======
(d:/Studium/TexLive/2021/texmf-dist/tex/latex/amsfonts/umsb.fd
>>>>>>> 4525d948183ac69691793c507720e3f62ad200be
File: umsb.fd 2013/01/14 v3.01 AMS symbols B
)
LaTeX Font Info:    Trying to load font information for U+rsfs on input line 27
.

<<<<<<< HEAD
(/usr/share/texmf-dist/tex/latex/jknapltx/ursfs.fd
=======
(d:/Studium/TexLive/2021/texmf-dist/tex/latex/jknapltx/ursfs.fd
>>>>>>> 4525d948183ac69691793c507720e3f62ad200be
File: ursfs.fd 1998/03/24 rsfs font definition file (jk)
) [1

{/var/lib/texmf/fonts/map/pdftex/updmap/pdftex.map}]) [2]

Package Fancyhdr Warning: \headheight is too small (12.0pt): 
Make it at least 14.49998pt.
We now make it that large for the rest of the document.
This may cause the page layout to be inconsistent, however.

(./main.toc)
\tf@toc=\write5
\openout5 = `main.toc'.

 [1

]

Package fancyhdr Warning: \headheight is too small (12.0pt): 
(fancyhdr)                Make it at least 14.49998pt, for example:
(fancyhdr)                \setlength{\headheight}{14.49998pt}.
(fancyhdr)                You might also make \topmargin smaller to compensate:

(fancyhdr)                \addtolength{\topmargin}{-2.49998pt}.

[2]
Chapter 1.

LaTeX Font Warning: Font shape `OML/cmm/m/it' in size <35.83> not available
(Font)              size <24.88> substituted on input line 195.


LaTeX Font Warning: Font shape `OMS/cmsy/m/n' in size <35.83> not available
(Font)              size <24.88> substituted on input line 195.


LaTeX Font Warning: Font shape `U/rsfs/m/n' in size <35.83> not available
(Font)              size <24.88> substituted on input line 195.

<<<<<<< HEAD
(./chapters/introduction.tex)
pdfTeX warning (ext4): destination with the same identifier (name{page.1}) has 
been already used, duplicate ignored
=======
(./chapters/introduction.tex)pdfTeX warning (ext4): destination with the same i
dentifier (name{page.1}) has been already used, duplicate ignored
>>>>>>> 4525d948183ac69691793c507720e3f62ad200be
<to be read again> 
                   \relax 
l.198 \chapter
              {Data Preprocessing} [1

]
Chapter 2.
(./chapters/data_prep.tex
pdfTeX warning (ext4): destination with the same identifier (name{page.2}) has 
been already used, duplicate ignored
<to be read again> 
                   \relax 
<<<<<<< HEAD
l.46 
=======
l.41 
>>>>>>> 4525d948183ac69691793c507720e3f62ad200be
      [2

]

<<<<<<< HEAD
Package caption Warning: \label without proper reference on input line 53.
See the caption package documentation for explanation.


LaTeX Warning: Reference `badimg' on page 3 undefined on input line 47.


Package caption Warning: \label without proper reference on input line 62.
See the caption package documentation for explanation.


LaTeX Warning: Reference `badimg2' on page 3 undefined on input line 49.

<images/satellite_images/1_imag.jpg, id=177, 256.96pt x 256.96pt>
File: images/satellite_images/1_imag.jpg Graphic file (type jpg)
<use images/satellite_images/1_imag.jpg>
Package pdftex.def Info: images/satellite_images/1_imag.jpg  used on input line
 54.
(pdftex.def)             Requested size: 182.09485pt x 182.09782pt.
<images/satellite_images/1_mask.jpg, id=178, 256.96pt x 256.96pt>
File: images/satellite_images/1_mask.jpg Graphic file (type jpg)
<use images/satellite_images/1_mask.jpg>
Package pdftex.def Info: images/satellite_images/1_mask.jpg  used on input line
 55.
(pdftex.def)             Requested size: 182.09485pt x 182.09782pt.
<images/satellite_images/10_overlap.png, id=179, 256.96pt x 256.96pt>
File: images/satellite_images/10_overlap.png Graphic file (type png)
<use images/satellite_images/10_overlap.png>
Package pdftex.def Info: images/satellite_images/10_overlap.png  used on input 
line 63.
(pdftex.def)             Requested size: 182.09485pt x 182.09782pt.
)

Package fancyhdr Warning: \headheight is too small (12.0pt): 
(fancyhdr)                Make it at least 14.49998pt, for example:
(fancyhdr)                \setlength{\headheight}{14.49998pt}.
(fancyhdr)                You might also make \topmargin smaller to compensate:

(fancyhdr)                \addtolength{\topmargin}{-2.49998pt}.

[3 <./images/satellite_images/1_imag.jpg> <./images/satellite_images/1_mask.jpg
>]

Package fancyhdr Warning: \headheight is too small (12.0pt): 
(fancyhdr)                Make it at least 14.49998pt, for example:
(fancyhdr)                \setlength{\headheight}{14.49998pt}.
(fancyhdr)                You might also make \topmargin smaller to compensate:

(fancyhdr)                \addtolength{\topmargin}{-2.49998pt}.

[4 <./images/satellite_images/10_overlap.png>]
Chapter 3.
(./chapters/jaccard.tex
<./images//satellite_images/5109_mask.jpg, id=193, 256.96pt x 256.96pt>
File: ./images//satellite_images/5109_mask.jpg Graphic file (type jpg)
<use ./images//satellite_images/5109_mask.jpg>
Package pdftex.def Info: ./images//satellite_images/5109_mask.jpg  used on inpu
t line 19.
(pdftex.def)             Requested size: 91.04742pt x 91.04695pt.
<./images//satellite_images/5110_mask.jpg, id=194, 256.96pt x 256.96pt>
File: ./images//satellite_images/5110_mask.jpg Graphic file (type jpg)
<use ./images//satellite_images/5110_mask.jpg>
Package pdftex.def Info: ./images//satellite_images/5110_mask.jpg  used on inpu
t line 25.
=======
Package caption Warning: \label without proper reference on input line 56.
See the caption package documentation for explanation.


LaTeX Warning: Reference `badimg' on page 3 undefined on input line 50.


Package caption Warning: \label without proper reference on input line 65.
See the caption package documentation for explanation.


LaTeX Warning: Reference `badimg2' on page 3 undefined on input line 52.

<images/satellite_images/1_imag.jpg, id=174, 256.96pt x 256.96pt>
File: images/satellite_images/1_imag.jpg Graphic file (type jpg)
<use images/satellite_images/1_imag.jpg>
Package pdftex.def Info: images/satellite_images/1_imag.jpg  used on input line 57.
(pdftex.def)             Requested size: 182.09485pt x 182.09782pt.
<images/satellite_images/1_mask.jpg, id=175, 256.96pt x 256.96pt>
File: images/satellite_images/1_mask.jpg Graphic file (type jpg)
<use images/satellite_images/1_mask.jpg>
Package pdftex.def Info: images/satellite_images/1_mask.jpg  used on input line 58.
(pdftex.def)             Requested size: 182.09485pt x 182.09782pt.
<images/satellite_images/10_overlap.png, id=176, 256.96pt x 256.96pt>
File: images/satellite_images/10_overlap.png Graphic file (type png)
<use images/satellite_images/10_overlap.png>
Package pdftex.def Info: images/satellite_images/10_overlap.png  used on input line 66.
(pdftex.def)             Requested size: 182.09485pt x 182.09782pt.
) [3] [4 </Users/laurin/AML_Forest_Seg/Report/images/satellite_images/1_imag.jpg> </Users/laurin/AML_Forest_Seg/Report/images/satellite_images/1_mask.jpg> </Users/laurin/AML_Forest_Seg/Report/images/satellite_images/10_overlap.png>]
Chapter 3.
(/Users/laurin/AML_Forest_Seg/Report/chapters/jaccard.tex
<./images/satellite_images/5109_mask.jpg, id=189, 256.96pt x 256.96pt>
File: ./images/satellite_images/5109_mask.jpg Graphic file (type jpg)
<use ./images/satellite_images/5109_mask.jpg>
Package pdftex.def Info: ./images/satellite_images/5109_mask.jpg  used on input line 15.
(pdftex.def)             Requested size: 91.04742pt x 91.04695pt.
<./images/satellite_images/5110_mask.jpg, id=190, 256.96pt x 256.96pt>
File: ./images/satellite_images/5110_mask.jpg Graphic file (type jpg)
<use ./images/satellite_images/5110_mask.jpg>
Package pdftex.def Info: ./images/satellite_images/5110_mask.jpg  used on input line 21.
>>>>>>> 4525d948183ac69691793c507720e3f62ad200be
(pdftex.def)             Requested size: 91.04742pt x 91.04695pt.
 [5

<<<<<<< HEAD
 <./images//satellite_images/5109_mask.jpg> <./images//satellite_images/5110_ma
sk.jpg>]
Underfull \hbox (badness 10000) in paragraph at lines 47--48
=======

LaTeX Warning: `h' float specifier changed to `ht'.


Underfull \hbox (badness 10000) in paragraph at lines 28--29
>>>>>>> 4525d948183ac69691793c507720e3f62ad200be

 []


<<<<<<< HEAD
Package fancyhdr Warning: \headheight is too small (12.0pt): 
(fancyhdr)                Make it at least 14.49998pt, for example:
(fancyhdr)                \setlength{\headheight}{14.49998pt}.
(fancyhdr)                You might also make \topmargin smaller to compensate:

(fancyhdr)                \addtolength{\topmargin}{-2.49998pt}.

[6]
Underfull \hbox (badness 10000) in paragraph at lines 90--91

 []


Package fancyhdr Warning: \headheight is too small (12.0pt): 
(fancyhdr)                Make it at least 14.49998pt, for example:
(fancyhdr)                \setlength{\headheight}{14.49998pt}.
(fancyhdr)                You might also make \topmargin smaller to compensate:

(fancyhdr)                \addtolength{\topmargin}{-2.49998pt}.

[7])

Package fancyhdr Warning: \headheight is too small (12.0pt): 
(fancyhdr)                Make it at least 14.49998pt, for example:
(fancyhdr)                \setlength{\headheight}{14.49998pt}.
(fancyhdr)                You might also make \topmargin smaller to compensate:

(fancyhdr)                \addtolength{\topmargin}{-2.49998pt}.

[8]
=======
] [6 <./images/satellite_images/5109_mask.jpg> <./images/satellite_images/5110_mask.jpg>] [7]) [8]
>>>>>>> 4525d948183ac69691793c507720e3f62ad200be
Chapter 4.
(./chapters/unet_training.tex [9

<<<<<<< HEAD
]) (./chapters/eval.tex
Underfull \hbox (badness 10000) in paragraph at lines 48--2

 []


Package fancyhdr Warning: \headheight is too small (12.0pt): 
(fancyhdr)                Make it at least 14.49998pt, for example:
(fancyhdr)                \setlength{\headheight}{14.49998pt}.
(fancyhdr)                You might also make \topmargin smaller to compensate:

(fancyhdr)                \addtolength{\topmargin}{-2.49998pt}.

[10]
Overfull \hbox (7.28694pt too wide) in paragraph at lines 22--41
=======
] [10]
Overfull \hbox (7.28694pt too wide) in paragraph at lines 74--93
>>>>>>> 4525d948183ac69691793c507720e3f62ad200be
 [][] 
 []


<<<<<<< HEAD
Overfull \hbox (7.28694pt too wide) in paragraph at lines 51--70
 [][] 
 []

<./images//best-MSE-SGD-UNET.png, id=244, 578.16pt x 433.62pt>
File: ./images//best-MSE-SGD-UNET.png Graphic file (type png)
<use ./images//best-MSE-SGD-UNET.png>
Package pdftex.def Info: ./images//best-MSE-SGD-UNET.png  used on input line 82
.
=======
Overfull \hbox (7.28694pt too wide) in paragraph at lines 103--122
 [][] 
 []

[11]
<./images/best-MSE-SGD-UNET.png, id=246, 578.16pt x 433.62pt>
File: ./images/best-MSE-SGD-UNET.png Graphic file (type png)
<use ./images/best-MSE-SGD-UNET.png>
Package pdftex.def Info: ./images/best-MSE-SGD-UNET.png  used on input line 134.
>>>>>>> 4525d948183ac69691793c507720e3f62ad200be
(pdftex.def)             Requested size: 433.61893pt x 325.2142pt.


LaTeX Warning: `h' float specifier changed to `ht'.

<<<<<<< HEAD

Package fancyhdr Warning: \headheight is too small (12.0pt): 
(fancyhdr)                Make it at least 14.49998pt, for example:
(fancyhdr)                \setlength{\headheight}{14.49998pt}.
(fancyhdr)                You might also make \topmargin smaller to compensate:

(fancyhdr)                \addtolength{\topmargin}{-2.49998pt}.

[11]
Underfull \vbox (badness 1210) has occurred while \output is active []



Package fancyhdr Warning: \headheight is too small (12.0pt): 
(fancyhdr)                Make it at least 14.49998pt, for example:
(fancyhdr)                \setlength{\headheight}{14.49998pt}.
(fancyhdr)                You might also make \topmargin smaller to compensate:

(fancyhdr)                \addtolength{\topmargin}{-2.49998pt}.

[12]
Overfull \hbox (7.28694pt too wide) in paragraph at lines 100--119
=======
[12]
Overfull \hbox (7.28694pt too wide) in paragraph at lines 152--171
>>>>>>> 4525d948183ac69691793c507720e3f62ad200be
 [][] 
 []


<<<<<<< HEAD
Overfull \hbox (7.28694pt too wide) in paragraph at lines 128--147
 [][] 
 []

<./images//best-MSE-ADAM-UNET.png, id=261, 578.16pt x 433.62pt>
File: ./images//best-MSE-ADAM-UNET.png Graphic file (type png)
<use ./images//best-MSE-ADAM-UNET.png>
Package pdftex.def Info: ./images//best-MSE-ADAM-UNET.png  used on input line 1
56.
=======
Overfull \hbox (7.28694pt too wide) in paragraph at lines 180--199
 [][] 
 []

<./images/best-MSE-ADAM-UNET.png, id=255, 578.16pt x 433.62pt>
File: ./images/best-MSE-ADAM-UNET.png Graphic file (type png)
<use ./images/best-MSE-ADAM-UNET.png>
Package pdftex.def Info: ./images/best-MSE-ADAM-UNET.png  used on input line 208.
>>>>>>> 4525d948183ac69691793c507720e3f62ad200be
(pdftex.def)             Requested size: 433.61893pt x 325.2142pt.
[13 <./images/best-MSE-SGD-UNET.png>]

LaTeX Warning: `h' float specifier changed to `ht'.


Underfull \vbox (badness 10000) has occurred while \output is active []

<<<<<<< HEAD


Package fancyhdr Warning: \headheight is too small (12.0pt): 
(fancyhdr)                Make it at least 14.49998pt, for example:
(fancyhdr)                \setlength{\headheight}{14.49998pt}.
(fancyhdr)                You might also make \topmargin smaller to compensate:

(fancyhdr)                \addtolength{\topmargin}{-2.49998pt}.

[13 <./images//best-MSE-SGD-UNET.png>]
Underfull \vbox (badness 1067) has occurred while \output is active []



Package fancyhdr Warning: \headheight is too small (12.0pt): 
(fancyhdr)                Make it at least 14.49998pt, for example:
(fancyhdr)                \setlength{\headheight}{14.49998pt}.
(fancyhdr)                You might also make \topmargin smaller to compensate:

(fancyhdr)                \addtolength{\topmargin}{-2.49998pt}.

[14]
Overfull \hbox (7.28694pt too wide) in paragraph at lines 176--195
=======
 [14]
Overfull \hbox (7.28694pt too wide) in paragraph at lines 228--247
>>>>>>> 4525d948183ac69691793c507720e3f62ad200be
 [][] 
 []


<<<<<<< HEAD
Overfull \hbox (7.28694pt too wide) in paragraph at lines 204--223
 [][] 
 []

<./images//best-BCE-SGD-UNET.png, id=277, 578.16pt x 433.62pt>
File: ./images//best-BCE-SGD-UNET.png Graphic file (type png)
<use ./images//best-BCE-SGD-UNET.png>
Package pdftex.def Info: ./images//best-BCE-SGD-UNET.png  used on input line 23
3.
=======
Overfull \hbox (7.28694pt too wide) in paragraph at lines 256--275
 [][] 
 []

<./images/best-BCE-SGD-UNET.png, id=273, 578.16pt x 433.62pt>
File: ./images/best-BCE-SGD-UNET.png Graphic file (type png)
<use ./images/best-BCE-SGD-UNET.png>
Package pdftex.def Info: ./images/best-BCE-SGD-UNET.png  used on input line 285.
>>>>>>> 4525d948183ac69691793c507720e3f62ad200be
(pdftex.def)             Requested size: 433.61893pt x 325.2142pt.

LaTeX Warning: `h' float specifier changed to `ht'.


Package fancyhdr Warning: \headheight is too small (12.0pt): 
(fancyhdr)                Make it at least 14.49998pt, for example:
(fancyhdr)                \setlength{\headheight}{14.49998pt}.
(fancyhdr)                You might also make \topmargin smaller to compensate:

(fancyhdr)                \addtolength{\topmargin}{-2.49998pt}.

[15 <./images//best-MSE-ADAM-UNET.png>]
Underfull \vbox (badness 1210) has occurred while \output is active []

<<<<<<< HEAD


Package fancyhdr Warning: \headheight is too small (12.0pt): 
(fancyhdr)                Make it at least 14.49998pt, for example:
(fancyhdr)                \setlength{\headheight}{14.49998pt}.
(fancyhdr)                You might also make \topmargin smaller to compensate:

(fancyhdr)                \addtolength{\topmargin}{-2.49998pt}.

[16]
Overfull \hbox (7.28694pt too wide) in paragraph at lines 251--270
=======
 [16]
Overfull \hbox (7.28694pt too wide) in paragraph at lines 303--322
>>>>>>> 4525d948183ac69691793c507720e3f62ad200be
 [][] 
 []


<<<<<<< HEAD
Overfull \hbox (7.28694pt too wide) in paragraph at lines 279--298
 [][] 
 []

<./images//best-BCE-ADAM-UNET.png, id=294, 578.16pt x 433.62pt>
File: ./images//best-BCE-ADAM-UNET.png Graphic file (type png)
<use ./images//best-BCE-ADAM-UNET.png>
Package pdftex.def Info: ./images//best-BCE-ADAM-UNET.png  used on input line 3
08.
=======
Overfull \hbox (7.28694pt too wide) in paragraph at lines 331--350
 [][] 
 []

<./images/best-BCE-ADAM-UNET.png, id=290, 578.16pt x 433.62pt>
File: ./images/best-BCE-ADAM-UNET.png Graphic file (type png)
<use ./images/best-BCE-ADAM-UNET.png>
Package pdftex.def Info: ./images/best-BCE-ADAM-UNET.png  used on input line 360.
>>>>>>> 4525d948183ac69691793c507720e3f62ad200be
(pdftex.def)             Requested size: 433.61893pt x 325.2142pt.

LaTeX Warning: `h' float specifier changed to `ht'.

<<<<<<< HEAD

Package fancyhdr Warning: \headheight is too small (12.0pt): 
(fancyhdr)                Make it at least 14.49998pt, for example:
(fancyhdr)                \setlength{\headheight}{14.49998pt}.
(fancyhdr)                You might also make \topmargin smaller to compensate:

(fancyhdr)                \addtolength{\topmargin}{-2.49998pt}.

[17 <./images//best-BCE-SGD-UNET.png>])

Package fancyhdr Warning: \headheight is too small (12.0pt): 
(fancyhdr)                Make it at least 14.49998pt, for example:
(fancyhdr)                \setlength{\headheight}{14.49998pt}.
(fancyhdr)                You might also make \topmargin smaller to compensate:

(fancyhdr)                \addtolength{\topmargin}{-2.49998pt}.

[18]

Package fancyhdr Warning: \headheight is too small (12.0pt): 
(fancyhdr)                Make it at least 14.49998pt, for example:
(fancyhdr)                \setlength{\headheight}{14.49998pt}.
(fancyhdr)                You might also make \topmargin smaller to compensate:

(fancyhdr)                \addtolength{\topmargin}{-2.49998pt}.

[19 <./images//best-BCE-ADAM-UNET.png>] (./chapters/sgd_vs_adam.tex
<./images//sgd_vs_adam_mse_test.png, id=313, 578.16pt x 433.62pt>
File: ./images//sgd_vs_adam_mse_test.png Graphic file (type png)
<use ./images//sgd_vs_adam_mse_test.png>
Package pdftex.def Info: ./images//sgd_vs_adam_mse_test.png  used on input line
 17.
(pdftex.def)             Requested size: 182.09485pt x 136.57117pt.
<./images//sgd_vs_adam_mse_train.png, id=314, 578.16pt x 433.62pt>
File: ./images//sgd_vs_adam_mse_train.png Graphic file (type png)
<use ./images//sgd_vs_adam_mse_train.png>
Package pdftex.def Info: ./images//sgd_vs_adam_mse_train.png  used on input lin
e 17.
(pdftex.def)             Requested size: 182.09485pt x 136.57117pt.
<./images//sgd_vs_adam_bce_test.png, id=315, 578.16pt x 433.62pt>
File: ./images//sgd_vs_adam_bce_test.png Graphic file (type png)
<use ./images//sgd_vs_adam_bce_test.png>
Package pdftex.def Info: ./images//sgd_vs_adam_bce_test.png  used on input line
 19.
(pdftex.def)             Requested size: 182.09485pt x 136.57117pt.
<./images//sgd_vs_adam_bce_train.png, id=316, 578.16pt x 433.62pt>
File: ./images//sgd_vs_adam_bce_train.png Graphic file (type png)
<use ./images//sgd_vs_adam_bce_train.png>
Package pdftex.def Info: ./images//sgd_vs_adam_bce_train.png  used on input lin
e 19.
(pdftex.def)             Requested size: 182.09485pt x 136.57117pt.
)

Package fancyhdr Warning: \headheight is too small (12.0pt): 
(fancyhdr)                Make it at least 14.49998pt, for example:
(fancyhdr)                \setlength{\headheight}{14.49998pt}.
(fancyhdr)                You might also make \topmargin smaller to compensate:

(fancyhdr)                \addtolength{\topmargin}{-2.49998pt}.

[20


 <./images//sgd_vs_adam_mse_test.png> <./images//sgd_vs_adam_mse_train.png> <./
images//sgd_vs_adam_bce_test.png> <./images//sgd_vs_adam_bce_train.png>]
=======
[17 <./images/best-BCE-SGD-UNET.png>]
Underfull \vbox (badness 1622) has occurred while \output is active []

 [18]
<./images/sgd_vs_adam_mse_test.png, id=305, 578.16pt x 433.62pt>
File: ./images/sgd_vs_adam_mse_test.png Graphic file (type png)
<use ./images/sgd_vs_adam_mse_test.png>
Package pdftex.def Info: ./images/sgd_vs_adam_mse_test.png  used on input line 380.
(pdftex.def)             Requested size: 182.09485pt x 136.57117pt.
<./images/sgd_vs_adam_mse_train.png, id=306, 578.16pt x 433.62pt>
File: ./images/sgd_vs_adam_mse_train.png Graphic file (type png)
<use ./images/sgd_vs_adam_mse_train.png>
Package pdftex.def Info: ./images/sgd_vs_adam_mse_train.png  used on input line 380.
(pdftex.def)             Requested size: 182.09485pt x 136.57117pt.
<./images/sgd_vs_adam_bce_test.png, id=307, 578.16pt x 433.62pt>
File: ./images/sgd_vs_adam_bce_test.png Graphic file (type png)
<use ./images/sgd_vs_adam_bce_test.png>
Package pdftex.def Info: ./images/sgd_vs_adam_bce_test.png  used on input line 382.
(pdftex.def)             Requested size: 182.09485pt x 136.57117pt.
<./images/sgd_vs_adam_bce_train.png, id=308, 578.16pt x 433.62pt>
File: ./images/sgd_vs_adam_bce_train.png Graphic file (type png)
<use ./images/sgd_vs_adam_bce_train.png>
Package pdftex.def Info: ./images/sgd_vs_adam_bce_train.png  used on input line 382.
(pdftex.def)             Requested size: 182.09485pt x 136.57117pt.


LaTeX Warning: `h' float specifier changed to `ht'.

) [19 <./images/best-BCE-ADAM-UNET.png>] [20 <./images/sgd_vs_adam_mse_test.png> <./images/sgd_vs_adam_mse_train.png> <./images/sgd_vs_adam_bce_test.png> <./images/sgd_vs_adam_bce_train.png>]
>>>>>>> 4525d948183ac69691793c507720e3f62ad200be
Chapter 5.
(./chapters/satnet.tex

Package caption Warning: \label without proper reference on input line 6.
See the caption package documentation for explanation.


LaTeX Warning: Reference `satnet_structure' on page 21 undefined on input line 
1.


Underfull \hbox (badness 10000) in paragraph at lines 1--2

 []

<<<<<<< HEAD
<images/satnet_structure.png, id=327, 520.94624pt x 723.70375pt>
=======
<images/satnet_structure.png, id=324, 520.94624pt x 723.70375pt>
>>>>>>> 4525d948183ac69691793c507720e3f62ad200be
File: images/satnet_structure.png Graphic file (type png)
<use images/satnet_structure.png>
Package pdftex.def Info: images/satnet_structure.png  used on input line 7.
(pdftex.def)             Requested size: 318.66946pt x 442.69543pt.
[21

]

Package fancyhdr Warning: \headheight is too small (12.0pt): 
(fancyhdr)                Make it at least 14.49998pt, for example:
(fancyhdr)                \setlength{\headheight}{14.49998pt}.
(fancyhdr)                You might also make \topmargin smaller to compensate:

(fancyhdr)                \addtolength{\topmargin}{-2.49998pt}.

[22 <./images/satnet_structure.png>]
Underfull \hbox (badness 10000) in paragraph at lines 22--23

 []


Underfull \hbox (badness 10000) in paragraph at lines 27--28

 []

<<<<<<< HEAD

Underfull \hbox (badness 10000) in paragraph at lines 30--31

 []


Underfull \vbox (badness 10000) has occurred while \output is active []



Package fancyhdr Warning: \headheight is too small (12.0pt): 
(fancyhdr)                Make it at least 14.49998pt, for example:
(fancyhdr)                \setlength{\headheight}{14.49998pt}.
(fancyhdr)                You might also make \topmargin smaller to compensate:

(fancyhdr)                \addtolength{\topmargin}{-2.49998pt}.

[23]

Package caption Warning: \label without proper reference on input line 42.
See the caption package documentation for explanation.


LaTeX Warning: Reference `satnet_best' on page 24 undefined on input line 38.

<images/satellite_images/sat_best_real.png, id=344, 256.96pt x 256.96pt>
File: images/satellite_images/sat_best_real.png Graphic file (type png)
<use images/satellite_images/sat_best_real.png>
Package pdftex.def Info: images/satellite_images/sat_best_real.png  used on inp
ut line 43.
(pdftex.def)             Requested size: 182.09485pt x 182.09782pt.
<images/satellite_images/sat_best_calc.png, id=345, 256.96pt x 256.96pt>
File: images/satellite_images/sat_best_calc.png Graphic file (type png)
<use images/satellite_images/sat_best_calc.png>
Package pdftex.def Info: images/satellite_images/sat_best_calc.png  used on inp
ut line 44.
(pdftex.def)             Requested size: 182.09485pt x 182.09782pt.

Package caption Warning: \label without proper reference on input line 55.
See the caption package documentation for explanation.


LaTeX Warning: Reference `satnet_worst1' on page 24 undefined on input line 51.


<images/satellite_images/sat_worst_1.png, id=347, 256.96pt x 256.96pt>
File: images/satellite_images/sat_worst_1.png Graphic file (type png)
<use images/satellite_images/sat_worst_1.png>
Package pdftex.def Info: images/satellite_images/sat_worst_1.png  used on input
 line 56.
(pdftex.def)             Requested size: 182.09485pt x 182.09782pt.
<images/satellite_images/sat_worst_2.png, id=348, 256.96pt x 256.96pt>
File: images/satellite_images/sat_worst_2.png Graphic file (type png)
<use images/satellite_images/sat_worst_2.png>
Package pdftex.def Info: images/satellite_images/sat_worst_2.png  used on input
 line 57.
(pdftex.def)             Requested size: 182.09485pt x 182.09782pt.

Package fancyhdr Warning: \headheight is too small (12.0pt): 
(fancyhdr)                Make it at least 14.49998pt, for example:
(fancyhdr)                \setlength{\headheight}{14.49998pt}.
(fancyhdr)                You might also make \topmargin smaller to compensate:

(fancyhdr)                \addtolength{\topmargin}{-2.49998pt}.

[24 <./images/satellite_images/sat_best_real.png> <./images/satellite_images/sa
t_best_calc.png>]

Package caption Warning: \label without proper reference on input line 66.
See the caption package documentation for explanation.


LaTeX Warning: Reference `satnet_worst2' on page 25 undefined on input line 62.



Underfull \hbox (badness 10000) in paragraph at lines 62--63

 []

<images/satellite_images/sat_worst2_1.png, id=360, 256.96pt x 256.96pt>
File: images/satellite_images/sat_worst2_1.png Graphic file (type png)
<use images/satellite_images/sat_worst2_1.png>
Package pdftex.def Info: images/satellite_images/sat_worst2_1.png  used on inpu
t line 67.
(pdftex.def)             Requested size: 136.5746pt x 136.57631pt.
<images/satellite_images/sat_worst2_2.png, id=361, 256.96pt x 256.96pt>
File: images/satellite_images/sat_worst2_2.png Graphic file (type png)
<use images/satellite_images/sat_worst2_2.png>
Package pdftex.def Info: images/satellite_images/sat_worst2_2.png  used on inpu
t line 68.
(pdftex.def)             Requested size: 136.5746pt x 136.57631pt.
<images/satellite_images/sat_worst2_3.png, id=362, 256.96pt x 256.96pt>
File: images/satellite_images/sat_worst2_3.png Graphic file (type png)
<use images/satellite_images/sat_worst2_3.png>
Package pdftex.def Info: images/satellite_images/sat_worst2_3.png  used on inpu
t line 69.
(pdftex.def)             Requested size: 136.5746pt x 136.57631pt.

Package caption Warning: \label without proper reference on input line 80.
See the caption package documentation for explanation.


LaTeX Warning: Reference `satnet_avg' on page 25 undefined on input line 76.


Underfull \vbox (badness 10000) has occurred while \output is active []



Package fancyhdr Warning: \headheight is too small (12.0pt): 
(fancyhdr)                Make it at least 14.49998pt, for example:
(fancyhdr)                \setlength{\headheight}{14.49998pt}.
(fancyhdr)                You might also make \topmargin smaller to compensate:

(fancyhdr)                \addtolength{\topmargin}{-2.49998pt}.

[25 <./images/satellite_images/sat_worst_1.png> <./images/satellite_images/sat_
worst_2.png> <./images/satellite_images/sat_worst2_1.png> <./images/satellite_i
mages/sat_worst2_2.png> <./images/satellite_images/sat_worst2_3.png>]
<images/satellite_images/sat_avg1.png, id=374, 256.96pt x 256.96pt>
File: images/satellite_images/sat_avg1.png Graphic file (type png)
<use images/satellite_images/sat_avg1.png>
Package pdftex.def Info: images/satellite_images/sat_avg1.png  used on input li
ne 81.
(pdftex.def)             Requested size: 136.5746pt x 136.57631pt.
<images/satellite_images/sat_avg2.png, id=375, 256.96pt x 256.96pt>
File: images/satellite_images/sat_avg2.png Graphic file (type png)
<use images/satellite_images/sat_avg2.png>
Package pdftex.def Info: images/satellite_images/sat_avg2.png  used on input li
ne 82.
(pdftex.def)             Requested size: 136.5746pt x 136.57631pt.
<images/satellite_images/sat_avg3.png, id=376, 256.96pt x 256.96pt>
File: images/satellite_images/sat_avg3.png Graphic file (type png)
<use images/satellite_images/sat_avg3.png>
Package pdftex.def Info: images/satellite_images/sat_avg3.png  used on input li
ne 83.
(pdftex.def)             Requested size: 136.5746pt x 136.57631pt.
)

Package fancyhdr Warning: \headheight is too small (12.0pt): 
(fancyhdr)                Make it at least 14.49998pt, for example:
(fancyhdr)                \setlength{\headheight}{14.49998pt}.
(fancyhdr)                You might also make \topmargin smaller to compensate:

(fancyhdr)                \addtolength{\topmargin}{-2.49998pt}.

[26 <./images/satellite_images/sat_avg1.png> <./images/satellite_images/sat_avg
2.png> <./images/satellite_images/sat_avg3.png>]
Chapter 6.
[27

]
Chapter 7.
(./chapters/outlook.tex
Underfull \hbox (badness 10000) in paragraph at lines 7--8

 []

) [28

]

Package fancyhdr Warning: \headheight is too small (12.0pt): 
(fancyhdr)                Make it at least 14.49998pt, for example:
(fancyhdr)                \setlength{\headheight}{14.49998pt}.
(fancyhdr)                You might also make \topmargin smaller to compensate:

(fancyhdr)                \addtolength{\topmargin}{-2.49998pt}.

[29] (./main.aux)
=======
)
Underfull \hbox (badness 10000) in paragraph at lines 29--207

 []

[23] [24]
Chapter 6.
[25

]
Chapter 7.
(/Users/laurin/AML_Forest_Seg/Report/chapters/outlook.tex)
Package atveryend Info: Empty hook `BeforeClearDocument' on input line 217.
 [26

]
Package atveryend Info: Empty hook `AfterLastShipout' on input line 217.
 (/Users/laurin/AML_Forest_Seg/Report/main.aux)
Package atveryend Info: Executing hook `AtVeryEndDocument' on input line 217.
Package atveryend Info: Executing hook `AtEndAfterFileList' on input line 217.
Package rerunfilecheck Info: File `main.out' has not changed.
(rerunfilecheck)             Checksum: 1CE5B476A54B33CCCB3CA869C3382EF5;1685.

] (./main.aux)
>>>>>>> 4525d948183ac69691793c507720e3f62ad200be

LaTeX Font Warning: Size substitutions with differences
(Font)              up to 4.98pt have occurred.


LaTeX Warning: There were undefined references.

Package rerunfilecheck Info: File `main.out' has not changed.
<<<<<<< HEAD
(rerunfilecheck)             Checksum: D120B4BC333C103338E16F0AF1DCF7A2;4247.
=======
(rerunfilecheck)             Checksum: 40CCA8A16BF130DAC8E285797E1CD7D1;3481.
>>>>>>> 4525d948183ac69691793c507720e3f62ad200be
Package logreq Info: Writing requests to 'main.run.xml'.
\openout1 = `main.run.xml'.

 ) 
Here is how much of TeX's memory you used:
<<<<<<< HEAD
 22653 strings out of 478238
 391376 string characters out of 5850457
 1168756 words of memory out of 5000000
 40453 multiletter control sequences out of 15000+600000
 484372 words of font info for 89 fonts, out of 8000000 for 9000
 1143 hyphenation exceptions out of 8191
 67i,12n,77p,1193b,2367s stack positions out of 5000i,500n,10000p,200000b,80000s
{/usr/share/texmf-dist/fonts/enc/dvips/cm-super/cm-super-ts1.enc}</usr/share/
texmf-dist/fonts/type1/public/amsfonts/cm/cmbx12.pfb></usr/share/texmf-dist/fon
ts/type1/public/amsfonts/cm/cmex10.pfb></usr/share/texmf-dist/fonts/type1/publi
c/amsfonts/cm/cmmi12.pfb></usr/share/texmf-dist/fonts/type1/public/amsfonts/cm/
cmmi8.pfb></usr/share/texmf-dist/fonts/type1/public/amsfonts/cm/cmr10.pfb></usr
/share/texmf-dist/fonts/type1/public/amsfonts/cm/cmr12.pfb></usr/share/texmf-di
st/fonts/type1/public/amsfonts/cm/cmr17.pfb></usr/share/texmf-dist/fonts/type1/
public/amsfonts/cm/cmr8.pfb></usr/share/texmf-dist/fonts/type1/public/amsfonts/
cm/cmsy10.pfb></usr/share/texmf-dist/fonts/type1/public/amsfonts/cm/cmsy8.pfb><
/usr/share/texmf-dist/fonts/type1/public/amsfonts/cm/cmti12.pfb></usr/share/tex
mf-dist/fonts/type1/public/amsfonts/symbols/msbm10.pfb></usr/share/texmf-dist/f
onts/type1/public/cm-super/sfrm1200.pfb>
Output written on main.pdf (33 pages, 2114157 bytes).
PDF statistics:
 480 PDF objects out of 1000 (max. 8388607)
 371 compressed objects within 4 object streams
 103 named destinations out of 1000 (max. 500000)
 345 words of extra memory for PDF output out of 10000 (max. 10000000)
=======
 17159 strings out of 492616
 280652 string characters out of 6129480
 798593 words of memory out of 5000000
 20697 multiletter control sequences out of 15000+600000
 15574 words of font info for 61 fonts, out of 8000000 for 9000
 1143 hyphenation exceptions out of 8191
 42i,12n,43p,1229b,2191s stack positions out of 5000i,500n,10000p,200000b,80000s
</usr/local/texlive/2019/texmf-dist/fonts/type1/public/amsfonts/cm/cmbx12.pfb></usr/local/texlive/2019/texmf-dist/fonts/type1/public/amsfonts/cm/cmex10.pfb></usr/local/texlive/2019/texmf-dist/fonts/type1/public/amsfonts/cm/cmmi12.pfb></usr/local/texlive/2019/texmf-dist/fonts/type1/public/amsfonts/cm/cmmi8.pfb></usr/local/texlive/2019/texmf-dist/fonts/type1/public/amsfonts/cm/cmr10.pfb></usr/local/texlive/2019/texmf-dist/fonts/type1/public/amsfonts/cm/cmr12.pfb></usr/local/texlive/2019/texmf-dist/fonts/type1/public/amsfonts/cm/cmr17.pfb></usr/local/texlive/2019/texmf-dist/fonts/type1/public/amsfonts/cm/cmr8.pfb></usr/local/texlive/2019/texmf-dist/fonts/type1/public/amsfonts/cm/cmsy10.pfb></usr/local/texlive/2019/texmf-dist/fonts/type1/public/amsfonts/cm/cmsy8.pfb></usr/local/texlive/2019/texmf-dist/fonts/type1/public/amsfonts/cm/cmti12.pfb></usr/local/texlive/2019/texmf-dist/fonts/type1/public/amsfonts/symbols/msbm10.pfb>
Output written on /Users/laurin/AML_Forest_Seg/Report/main.pdf (31 pages, 704230 bytes).
PDF statistics:
 419 PDF objects out of 1000 (max. 8388607)
 346 compressed objects within 4 object streams
 99 named destinations out of 1000 (max. 500000)
 279 words of extra memory for PDF output out of 10000 (max. 10000000)
>>>>>>> 4525d948183ac69691793c507720e3f62ad200be

