\BOOKMARK [0][-]{chapter.1}{Introduction}{}% 1
\BOOKMARK [0][-]{chapter.2}{Data Preprocessing}{}% 2
\BOOKMARK [1][-]{section.2.1}{Data Preprocessing}{chapter.2}% 3
\BOOKMARK [1][-]{section.2.2}{Problems with the Dataset}{chapter.2}% 4
\BOOKMARK [0][-]{chapter.3}{Naive Segmentator + Jaccard?}{}% 5
\BOOKMARK [1][-]{section.3.1}{Performance measures}{chapter.3}% 6
\BOOKMARK [1][-]{section.3.2}{Expected Jaccard Index of a Random Segmentator}{chapter.3}% 7
\BOOKMARK [1][-]{section.3.3}{Segmentation without Neural Networks}{chapter.3}% 8
\BOOKMARK [2][-]{subsection.3.3.1}{Segmentation of images}{section.3.3}% 9
\BOOKMARK [0][-]{chapter.4}{Unet}{}% 10
\BOOKMARK [1][-]{section.4.1}{Overall training procedure}{chapter.4}% 11
\BOOKMARK [1][-]{section.4.2}{Choice of Loss functions and optimizers}{chapter.4}% 12
\BOOKMARK [1][-]{section.4.3}{Training hyperparameter's}{chapter.4}% 13
\BOOKMARK [2][-]{subsection.4.3.1}{Loss functions}{section.4.3}% 14
\BOOKMARK [2][-]{subsection.4.3.2}{Optimizer parameters}{section.4.3}% 15
\BOOKMARK [2][-]{subsection.4.3.3}{Batch size}{section.4.3}% 16
\BOOKMARK [1][-]{section.4.4}{Training Evaluation}{chapter.4}% 17
\BOOKMARK [2][-]{subsection.4.4.1}{Mean squared error loss}{section.4.4}% 18
\BOOKMARK [2][-]{subsection.4.4.2}{Cross entropy loss}{section.4.4}% 19
\BOOKMARK [1][-]{section.4.5}{SGD compared to ADAM}{chapter.4}% 20
\BOOKMARK [0][-]{chapter.5}{SatNet}{}% 21
\BOOKMARK [1][-]{section.5.1}{Introduction to SatNet}{chapter.5}% 22
\BOOKMARK [1][-]{section.5.2}{Training}{chapter.5}% 23
\BOOKMARK [1][-]{section.5.3}{Results}{chapter.5}% 24
\BOOKMARK [0][-]{chapter.6}{Critical Input}{}% 25
\BOOKMARK [0][-]{chapter.7}{Outlook}{}% 26
